2025-01-08 11:02:23,422 [INFO] Activator:176 - 


2025-01-08 11:02:23,443 [INFO] Activator:177 - !SESSION log4j initialized
2025-01-08 11:02:42,690 [INFO] LogOutputStream:77 - [STDOUT_REDIRECT] 
2025-01-08 11:02:55,258 [INFO] ApplicationProperties:184 - Using Application install path: C:\ST\STM32CubeIDE_1.15.1\STM32CubeIDE\plugins\com.st.stm32cube.common.mx_6.11.1.202404110753
2025-01-08 11:02:55,311 [INFO] DbMcusXml:78 - Set database path to: C:\ST\STM32CubeIDE_1.15.1\STM32CubeIDE\plugins\com.st.stm32cube.common.mx_6.11.1.202404110753\\db\/mcu/
2025-01-08 11:02:55,312 [INFO] ApiDb:274 - Set plugin database path to: C:\ST\STM32CubeIDE_1.15.1\STM32CubeIDE\plugins\com.st.stm32cube.common.mx_6.11.1.202404110753\\db\/plugins/boardmanager/
2025-01-08 11:02:55,313 [WARN] ApiDb:259 - Overriding images path with different value:  => C:\ST\STM32CubeIDE_1.15.1\STM32CubeIDE\plugins\com.st.stm32cube.common.mx_6.11.1.202404110753\\db\/plugins/mcufinder/images/
2025-01-08 11:02:55,335 [INFO] ApiDb:250 - Set database path to: C:\Users\DELL\.stmcufinder\plugins\mcufinder//mcu/
2025-01-08 11:02:55,338 [INFO] DbMcusAds:125 - Set database path to: C:\Users\DELL\.stmcufinder\plugins\mcufinder//mcu/
2025-01-08 11:02:55,370 [INFO] CrossReferenceDbSqlite:203 - Set database path to: C:\Users\DELL\.stmcufinder\plugins\mcufinder//mcu/cs/
2025-01-08 11:02:55,704 [INFO] RulesReader:64 - Compatibility file has been processed (297 Rules)
2025-01-08 11:02:56,137 [INFO] DbMcusXml:78 - Set database path to: C:\ST\STM32CubeIDE_1.15.1\STM32CubeIDE\plugins\com.st.stm32cube.common.mx_6.11.1.202404110753\\db\/mcu/
2025-01-08 11:02:56,138 [INFO] ApiDb:274 - Set plugin database path to: C:\ST\STM32CubeIDE_1.15.1\STM32CubeIDE\plugins\com.st.stm32cube.common.mx_6.11.1.202404110753\\db\/plugins/boardmanager/
2025-01-08 11:02:56,139 [INFO] ApiDb:261 - Set plugin images path to: C:\ST\STM32CubeIDE_1.15.1\STM32CubeIDE\plugins\com.st.stm32cube.common.mx_6.11.1.202404110753\\db\/plugins/mcufinder/images/
2025-01-08 11:02:56,141 [WARN] DbFile:41 - Overriding database path with different value: C:\Users\DELL\.stmcufinder\plugins\mcufinder/ => C:\Users\DELL\.stmcufinder\plugins\mcufinder
2025-01-08 11:02:56,144 [INFO] ApiDb:250 - Set database path to: C:\Users\DELL\.stmcufinder\plugins\mcufinder//mcu/
2025-01-08 11:02:56,145 [WARN] DbFile:41 - Overriding database path with different value: C:\Users\DELL\.stmcufinder\plugins\mcufinder/ => C:\Users\DELL\.stmcufinder\plugins\mcufinder
2025-01-08 11:02:56,147 [INFO] DbMcusAds:125 - Set database path to: C:\Users\DELL\.stmcufinder\plugins\mcufinder//mcu/
2025-01-08 11:02:56,147 [WARN] DbFile:41 - Overriding database path with different value: C:\Users\DELL\.stmcufinder\plugins\mcufinder/ => C:\Users\DELL\.stmcufinder\plugins\mcufinder
2025-01-08 11:02:56,148 [WARN] DbFile:41 - Overriding database path with different value: C:\Users\DELL\.stmcufinder\plugins\mcufinder/ => C:\Users\DELL\.stmcufinder\plugins\mcufinder
2025-01-08 11:02:56,148 [INFO] CrossReferenceDbSqlite:203 - Set database path to: C:\Users\DELL\.stmcufinder\plugins\mcufinder//mcu/cs/
2025-01-08 11:02:56,427 [INFO] MainPanel:264 - HeapMemory: 268435456
2025-01-08 11:02:56,665 [INFO] DbMcusXml:78 - Set database path to: C:\ST\STM32CubeIDE_1.15.1\STM32CubeIDE\plugins\com.st.stm32cube.common.mx_6.11.1.202404110753\\db\/mcu/
2025-01-08 11:02:56,666 [INFO] ApiDb:274 - Set plugin database path to: C:\ST\STM32CubeIDE_1.15.1\STM32CubeIDE\plugins\com.st.stm32cube.common.mx_6.11.1.202404110753\\db\/plugins/boardmanager/
2025-01-08 11:02:56,666 [INFO] ApiDb:261 - Set plugin images path to: C:\ST\STM32CubeIDE_1.15.1\STM32CubeIDE\plugins\com.st.stm32cube.common.mx_6.11.1.202404110753\\db\/plugins/mcufinder/images/
2025-01-08 11:02:56,667 [WARN] DbFile:41 - Overriding database path with different value: C:\Users\DELL\.stmcufinder\plugins\mcufinder/ => C:\Users\DELL\.stmcufinder\plugins\mcufinder
2025-01-08 11:02:56,667 [INFO] ApiDb:250 - Set database path to: C:\Users\DELL\.stmcufinder\plugins\mcufinder//mcu/
2025-01-08 11:02:56,667 [WARN] DbFile:41 - Overriding database path with different value: C:\Users\DELL\.stmcufinder\plugins\mcufinder/ => C:\Users\DELL\.stmcufinder\plugins\mcufinder
2025-01-08 11:02:56,668 [INFO] DbMcusAds:125 - Set database path to: C:\Users\DELL\.stmcufinder\plugins\mcufinder//mcu/
2025-01-08 11:02:56,668 [WARN] DbFile:41 - Overriding database path with different value: C:\Users\DELL\.stmcufinder\plugins\mcufinder/ => C:\Users\DELL\.stmcufinder\plugins\mcufinder
2025-01-08 11:02:56,668 [WARN] DbFile:41 - Overriding database path with different value: C:\Users\DELL\.stmcufinder\plugins\mcufinder/ => C:\Users\DELL\.stmcufinder\plugins\mcufinder
2025-01-08 11:02:56,669 [INFO] CrossReferenceDbSqlite:203 - Set database path to: C:\Users\DELL\.stmcufinder\plugins\mcufinder//mcu/cs/
2025-01-08 11:02:56,718 [INFO] ApplicationProperties:184 - Using Application install path: C:\ST\STM32CubeIDE_1.15.1\STM32CubeIDE\plugins\com.st.stm32cube.common.mx_6.11.1.202404110753
2025-01-08 11:02:56,723 [INFO] PluginManage:196 - Search for loadable plugins [exclusion list=, ]
2025-01-08 11:02:56,726 [INFO] PluginManage:310 - Check plugin analytics
2025-01-08 11:02:57,342 [INFO] AnalyticsPlugin:253 - Accepted Software Licenses: 
2025-01-08 11:02:57,343 [INFO] AnalyticsPlugin:255 - Accepted CMSIS Pack Licenses: 
2025-01-08 11:02:57,343 [INFO] AnalyticsPlugin:257 - Accepted Firmware Licenses: FW.F4.1.28.0,FW.F7.1.17.0
2025-01-08 11:02:57,353 [INFO] PluginManage:359 - Loaded plugin analytics (category:tool,tabindex:-1)
2025-01-08 11:02:57,354 [INFO] PluginManage:310 - Check plugin cadmodel
2025-01-08 11:02:57,403 [INFO] CADModel:105 - Init CAD model plugin
2025-01-08 11:02:57,403 [INFO] PluginManage:359 - Loaded plugin cadmodel (category:power,tabindex:5)
2025-01-08 11:02:57,405 [INFO] PluginManage:310 - Check plugin clock
2025-01-08 11:02:57,492 [INFO] PluginManage:359 - Loaded plugin clock (category:base,tabindex:2)
2025-01-08 11:02:57,492 [INFO] PluginManage:310 - Check plugin ddr
2025-01-08 11:02:57,500 [INFO] PluginManage:359 - Loaded plugin ddr (category:tool,tabindex:6)
2025-01-08 11:02:57,501 [INFO] PluginManage:310 - Check plugin filemanager
2025-01-08 11:02:57,920 [INFO] PluginManage:359 - Loaded plugin filemanager (category:base,tabindex:10)
2025-01-08 11:02:57,920 [INFO] PluginManage:310 - Check plugin ipmanager
2025-01-08 11:02:57,941 [INFO] PluginManage:359 - Loaded plugin ipmanager (category:base,tabindex:5)
2025-01-08 11:02:57,942 [INFO] PluginManage:310 - Check plugin lpbam
2025-01-08 11:02:57,991 [INFO] PluginManage:359 - Loaded plugin lpbam (category:base,tabindex:0)
2025-01-08 11:02:57,991 [INFO] PluginManage:310 - Check plugin memorymap
2025-01-08 11:02:58,065 [INFO] PluginManage:359 - Loaded plugin memorymap (category:base,tabindex:4)
2025-01-08 11:02:58,066 [INFO] PluginManage:310 - Check plugin pinoutandconfiguration
2025-01-08 11:02:58,100 [INFO] PluginManage:359 - Loaded plugin pinoutandconfiguration (category:base,tabindex:1)
2025-01-08 11:02:58,100 [INFO] PluginManage:310 - Check plugin pinoutconfig
2025-01-08 11:02:58,289 [WARN] SupportedApi:132 - Cannot load RTOS API schema: s4s-elt-must-match.1: The content of 'definitions' must match (annotation?, (simpleType | complexType)?, (unique | key | keyref)*)). A problem was found starting at: attribute.
2025-01-08 11:02:58,698 [INFO] PluginManage:359 - Loaded plugin pinoutconfig (category:base,tabindex:0)
2025-01-08 11:02:58,699 [INFO] PluginManage:310 - Check plugin power
2025-01-08 11:02:58,777 [INFO] PluginManage:359 - Loaded plugin power (category:power,tabindex:4)
2025-01-08 11:02:58,778 [INFO] PluginManage:310 - Check plugin projectmanager
2025-01-08 11:02:58,816 [INFO] PluginManage:359 - Loaded plugin projectmanager (category:projectmanager,tabindex:3)
2025-01-08 11:02:58,816 [INFO] PluginManage:310 - Check plugin thirdparty
2025-01-08 11:02:59,456 [INFO] PluginManage:359 - Loaded plugin thirdparty (category:base,tabindex:-1)
2025-01-08 11:02:59,456 [WARN] IntegrityCheckThread:84 - waiting for thirdparty lock release [integrity check]
2025-01-08 11:02:59,457 [INFO] PluginManage:310 - Check plugin tools
2025-01-08 11:02:59,457 [INFO] IntegrityCheckThread:86 - entering critical section [integrity check]
2025-01-08 11:02:59,458 [INFO] ThirdPartyUpdaterWithRetryManager:70 - Updater plugin not ready yet. [1/15]
2025-01-08 11:02:59,530 [INFO] PluginManage:359 - Loaded plugin tools (category:base,tabindex:7)
2025-01-08 11:02:59,531 [INFO] PluginManage:310 - Check plugin tutovideos
2025-01-08 11:02:59,895 [INFO] PluginManage:359 - Loaded plugin tutovideos (category:base,tabindex:-1)
2025-01-08 11:02:59,895 [INFO] PluginManage:310 - Check plugin updater
2025-01-08 11:02:59,920 [INFO] PluginManage:359 - Loaded plugin updater (category:base,tabindex:12)
2025-01-08 11:02:59,920 [INFO] PluginManage:310 - Check plugin userauth
2025-01-08 11:02:59,931 [INFO] UserAuth:114 - Init User Auth plugin
2025-01-08 11:02:59,931 [INFO] PluginManage:359 - Loaded plugin userauth (category:base,tabindex:14)
2025-01-08 11:02:59,932 [INFO] PluginManage:283 - PluginManage : Loaded plugins [17]
2025-01-08 11:03:00,585 [INFO] PinOutPanel:1561 - setPackage(No Configuration,No Configuration)
2025-01-08 11:03:00,769 [INFO] CADModel:165 - CPN selected for project level
2025-01-08 11:03:00,769 [INFO] CADModel:114 - Register for checkConnection events
2025-01-08 11:03:00,830 [INFO] IPUIPlugin:80 - create IPUIPlugin
2025-01-08 11:03:00,831 [INFO] PluginManager:220 - loadIPPluginJar : add adc
2025-01-08 11:03:00,910 [INFO] IPUIPlugin:80 - create IPUIPlugin
2025-01-08 11:03:00,910 [INFO] PluginManager:220 - loadIPPluginJar : add aes
2025-01-08 11:03:00,999 [INFO] IPUIPlugin:80 - create IPUIPlugin
2025-01-08 11:03:00,999 [INFO] PluginManager:220 - loadIPPluginJar : add can
2025-01-08 11:03:01,046 [INFO] IPUIPlugin:80 - create IPUIPlugin
2025-01-08 11:03:01,047 [INFO] PluginManager:220 - loadIPPluginJar : add comp
2025-01-08 11:03:01,132 [INFO] IPUIPlugin:80 - create IPUIPlugin
2025-01-08 11:03:01,132 [INFO] PluginManager:220 - loadIPPluginJar : add cryp
2025-01-08 11:03:01,197 [INFO] IPUIPlugin:80 - create IPUIPlugin
2025-01-08 11:03:01,197 [INFO] PluginManager:220 - loadIPPluginJar : add dfsdm
2025-01-08 11:03:01,229 [INFO] IPUIPlugin:80 - create IPUIPlugin
2025-01-08 11:03:01,230 [INFO] PluginManager:220 - loadIPPluginJar : add dma
2025-01-08 11:03:01,304 [INFO] IPUIPlugin:80 - create IPUIPlugin
2025-01-08 11:03:01,304 [INFO] PluginManager:220 - loadIPPluginJar : add dma3
2025-01-08 11:03:01,481 [INFO] IPUIPlugin:80 - create IPUIPlugin
2025-01-08 11:03:01,481 [INFO] PluginManager:220 - loadIPPluginJar : add extmemmanager
2025-01-08 11:03:01,551 [INFO] IPUIPlugin:80 - create IPUIPlugin
2025-01-08 11:03:01,552 [INFO] PluginManager:220 - loadIPPluginJar : add fatfs
2025-01-08 11:03:01,680 [INFO] IPUIPlugin:80 - create IPUIPlugin
2025-01-08 11:03:01,680 [INFO] PluginManager:220 - loadIPPluginJar : add fmc
2025-01-08 11:03:01,735 [INFO] IPUIPlugin:80 - create IPUIPlugin
2025-01-08 11:03:01,735 [INFO] PluginManager:220 - loadIPPluginJar : add freertos
2025-01-08 11:03:01,817 [INFO] IPUIPlugin:80 - create IPUIPlugin
2025-01-08 11:03:01,818 [INFO] PluginManager:220 - loadIPPluginJar : add genericplugin
2025-01-08 11:03:02,107 [INFO] IPUIPlugin:80 - create IPUIPlugin
2025-01-08 11:03:02,107 [INFO] PluginManager:220 - loadIPPluginJar : add gfxmmu
2025-01-08 11:03:02,465 [INFO] ThirdPartyUpdaterWithRetryManager:70 - Updater plugin not ready yet. [2/15]
2025-01-08 11:03:02,536 [INFO] IPUIPlugin:80 - create IPUIPlugin
2025-01-08 11:03:02,536 [INFO] PluginManager:220 - loadIPPluginJar : add gic
2025-01-08 11:03:02,571 [INFO] IPUIPlugin:80 - create IPUIPlugin
2025-01-08 11:03:02,571 [INFO] PluginManager:220 - loadIPPluginJar : add gpio
2025-01-08 11:03:02,835 [INFO] IPUIPlugin:80 - create IPUIPlugin
2025-01-08 11:03:02,835 [INFO] PluginManager:220 - loadIPPluginJar : add gtzc
2025-01-08 11:03:02,891 [INFO] IPUIPlugin:80 - create IPUIPlugin
2025-01-08 11:03:02,892 [INFO] PluginManager:220 - loadIPPluginJar : add hash
2025-01-08 11:03:03,046 [INFO] IPUIPlugin:80 - create IPUIPlugin
2025-01-08 11:03:03,046 [INFO] PluginManager:220 - loadIPPluginJar : add i2c
2025-01-08 11:03:03,204 [INFO] IPUIPlugin:80 - create IPUIPlugin
2025-01-08 11:03:03,206 [INFO] PluginManager:220 - loadIPPluginJar : add i2s
2025-01-08 11:03:03,309 [INFO] IPUIPlugin:80 - create IPUIPlugin
2025-01-08 11:03:03,310 [INFO] PluginManager:220 - loadIPPluginJar : add i3c
2025-01-08 11:03:03,485 [INFO] IPUIPlugin:80 - create IPUIPlugin
2025-01-08 11:03:03,486 [INFO] PluginManager:220 - loadIPPluginJar : add ipddr
2025-01-08 11:03:03,814 [INFO] IPUIPlugin:80 - create IPUIPlugin
2025-01-08 11:03:03,815 [INFO] PluginManager:220 - loadIPPluginJar : add linkedlist
2025-01-08 11:03:03,889 [INFO] IPUIPlugin:80 - create IPUIPlugin
2025-01-08 11:03:03,889 [INFO] PluginManager:220 - loadIPPluginJar : add lorawan
2025-01-08 11:03:03,956 [INFO] IPUIPlugin:80 - create IPUIPlugin
2025-01-08 11:03:03,956 [INFO] PluginManager:220 - loadIPPluginJar : add ltdc
2025-01-08 11:03:03,990 [INFO] IPUIPlugin:80 - create IPUIPlugin
2025-01-08 11:03:03,990 [INFO] PluginManager:220 - loadIPPluginJar : add mdma
2025-01-08 11:03:04,010 [INFO] IPUIPlugin:80 - create IPUIPlugin
2025-01-08 11:03:04,010 [INFO] PluginManager:220 - loadIPPluginJar : add nvic
2025-01-08 11:03:04,101 [INFO] IPUIPlugin:80 - create IPUIPlugin
2025-01-08 11:03:04,101 [INFO] PluginManager:220 - loadIPPluginJar : add opamp
2025-01-08 11:03:04,232 [INFO] IPUIPlugin:80 - create IPUIPlugin
2025-01-08 11:03:04,233 [INFO] PluginManager:220 - loadIPPluginJar : add openamp
2025-01-08 11:03:04,328 [INFO] IPUIPlugin:80 - create IPUIPlugin
2025-01-08 11:03:04,328 [INFO] PluginManager:220 - loadIPPluginJar : add pdm2pcm
2025-01-08 11:03:04,362 [INFO] IPUIPlugin:80 - create IPUIPlugin
2025-01-08 11:03:04,367 [INFO] PluginManager:220 - loadIPPluginJar : add plateformsettings
2025-01-08 11:03:04,420 [INFO] IPUIPlugin:80 - create IPUIPlugin
2025-01-08 11:03:04,420 [INFO] PluginManager:220 - loadIPPluginJar : add quadspi
2025-01-08 11:03:04,448 [INFO] IPUIPlugin:80 - create IPUIPlugin
2025-01-08 11:03:04,449 [INFO] PluginManager:220 - loadIPPluginJar : add resmgrutility
2025-01-08 11:03:04,541 [INFO] IPUIPlugin:80 - create IPUIPlugin
2025-01-08 11:03:04,541 [INFO] PluginManager:220 - loadIPPluginJar : add sai
2025-01-08 11:03:04,601 [INFO] IPUIPlugin:80 - create IPUIPlugin
2025-01-08 11:03:04,601 [INFO] PluginManager:220 - loadIPPluginJar : add spi
2025-01-08 11:03:04,708 [INFO] IPUIPlugin:80 - create IPUIPlugin
2025-01-08 11:03:04,709 [INFO] PluginManager:220 - loadIPPluginJar : add stm32_wpan
2025-01-08 11:03:04,757 [INFO] IPUIPlugin:80 - create IPUIPlugin
2025-01-08 11:03:04,757 [INFO] PluginManager:220 - loadIPPluginJar : add tim
2025-01-08 11:03:04,896 [INFO] IPUIPlugin:80 - create IPUIPlugin
2025-01-08 11:03:04,897 [INFO] PluginManager:220 - loadIPPluginJar : add touchsensing
2025-01-08 11:03:04,945 [INFO] IPUIPlugin:80 - create IPUIPlugin
2025-01-08 11:03:04,945 [INFO] PluginManager:220 - loadIPPluginJar : add tracer_emb
2025-01-08 11:03:04,995 [INFO] IPUIPlugin:80 - create IPUIPlugin
2025-01-08 11:03:04,995 [INFO] PluginManager:220 - loadIPPluginJar : add ts
2025-01-08 11:03:05,048 [INFO] IPUIPlugin:80 - create IPUIPlugin
2025-01-08 11:03:05,048 [INFO] PluginManager:220 - loadIPPluginJar : add tsc
2025-01-08 11:03:05,111 [INFO] IPUIPlugin:80 - create IPUIPlugin
2025-01-08 11:03:05,111 [INFO] PluginManager:220 - loadIPPluginJar : add ucpd
2025-01-08 11:03:05,195 [INFO] IPUIPlugin:80 - create IPUIPlugin
2025-01-08 11:03:05,196 [INFO] PluginManager:220 - loadIPPluginJar : add usart
2025-01-08 11:03:05,286 [INFO] IPUIPlugin:80 - create IPUIPlugin
2025-01-08 11:03:05,286 [INFO] PluginManager:220 - loadIPPluginJar : add usbx
2025-01-08 11:03:05,478 [INFO] ThirdPartyUpdaterWithRetryManager:70 - Updater plugin not ready yet. [3/15]
2025-01-08 11:03:05,500 [INFO] CADModel:165 - CPN selected for project level
2025-01-08 11:03:05,501 [INFO] CADModel:114 - Register for checkConnection events
2025-01-08 11:03:05,501 [FATAL] Updater:308 - Updater called before beeing initialized
2025-01-08 11:03:05,502 [ERROR] CADModel:125 - Updater not yet initialized, retry later 
2025-01-08 11:03:05,809 [INFO] CADModel:165 - CPN selected for project level
2025-01-08 11:03:05,810 [INFO] CADModel:114 - Register for checkConnection events
2025-01-08 11:03:05,810 [FATAL] Updater:308 - Updater called before beeing initialized
2025-01-08 11:03:05,810 [ERROR] CADModel:125 - Updater not yet initialized, retry later 
2025-01-08 11:03:05,816 [FATAL] Updater:308 - Updater called before beeing initialized
2025-01-08 11:03:06,226 [FATAL] Updater:308 - Updater called before beeing initialized
2025-01-08 11:03:06,255 [INFO] DbMcusAds:53 - JSON generation date=Tue Dec 17 21:31:15 IST 2024 (1734451275222)
2025-01-08 11:03:06,255 [FATAL] Updater:308 - Updater called before beeing initialized
2025-01-08 11:03:06,347 [WARN] DetailPanel:346 - Failed to get advertising image, set to default
2025-01-08 11:03:06,514 [FATAL] Updater:308 - Updater called before beeing initialized
2025-01-08 11:03:06,517 [FATAL] Updater:308 - Updater called before beeing initialized
2025-01-08 11:03:06,517 [FATAL] Updater:308 - Updater called before beeing initialized
2025-01-08 11:03:06,517 [WARN] DetailPanel:346 - Failed to get advertising image, set to default
2025-01-08 11:03:06,518 [FATAL] Updater:308 - Updater called before beeing initialized
2025-01-08 11:03:06,716 [ERROR] Updater:1120 - MainUpdater not yet initialized. External WinMGr cannot be set.
2025-01-08 11:03:06,761 [INFO] Updater:1056 - Updater Version found : 6.11.1
2025-01-08 11:03:06,822 [INFO] ApplicationProperties:184 - Using Application install path: C:\ST\STM32CubeIDE_1.15.1\STM32CubeIDE\plugins\com.st.stm32cube.common.mx_6.11.1.202404110753
2025-01-08 11:03:08,489 [FATAL] Updater:308 - Updater called before beeing initialized
2025-01-08 11:03:08,491 [ERROR] IntegrityCheckThread:130 - Cannot retrieve database content from updater: error 21
2025-01-08 11:03:08,492 [INFO] ThirdParty:978 - Integrity check success = false
2025-01-08 11:03:08,493 [INFO] IntegrityCheckThread:100 - exiting critical section [integrity check]
2025-01-08 11:03:08,493 [INFO] IntegrityCheckThread:103 - End integrity checks thread
2025-01-08 11:03:08,506 [ERROR] LogOutputStream:75 - [STDERR_REDIRECT] Jan 08, 2025 11:03:08 AM java.util.prefs.WindowsPreferences <init>
2025-01-08 11:03:08,509 [ERROR] LogOutputStream:75 - [STDERR_REDIRECT] WARNING: Could not open/create prefs root node Software\JavaSoft\Prefs at root 0xffffffff80000002. Windows RegCreateKeyEx(...) returned error code 5.
2025-01-08 11:03:08,509 [ERROR] LogOutputStream:75 - [STDERR_REDIRECT] 
2025-01-08 11:03:09,303 [INFO] MainUpdater:2873 - connection check result : 10
2025-01-08 11:03:09,305 [INFO] MainUpdater:290 - Updater Check For Update Now.
2025-01-08 11:03:09,305 [INFO] MicroXplorer:498 - Change Database Version : DB.6.0.111
2025-01-08 11:03:09,346 [INFO] McuFinderGlobals:63 - Set McuFinder mode to 2 (CubeIDE integrated)
2025-01-08 11:03:09,378 [INFO] UserAuth:415 - Internet connection configuration mode: 1
2025-01-08 11:03:09,439 [INFO] JxBrowserEngine:152 - Initiate JxBrowser Engine with user profile folder
2025-01-08 11:03:09,918 [INFO] CheckServerUpdateThread:120 - End of CheckServer Thread
2025-01-08 11:03:23,142 [INFO] WebApp:161 - Instantiating new browser for Auth
2025-01-08 11:03:25,390 [INFO] WebApp:779 - Register for checkConnection events
2025-01-08 11:03:25,391 [INFO] WebApp:414 - Apply proxy settings
2025-01-08 11:03:25,392 [INFO] WebApp:499 - Chromium requires no authentication
2025-01-08 11:03:25,425 [INFO] WebApp:442 - Direct internet connection detected
2025-01-08 11:03:25,889 [INFO] WebApp:192 - Starting web application
2025-01-08 11:03:25,890 [INFO] WebApp:544 - Web application path used C:\ST\STM32CubeIDE_1.15.1\STM32CubeIDE\plugins\com.st.stm32cube.common.mx_6.11.1.202404110753\db\plugins\mcufinder\reactClient1\index.html
