2025-01-05 13:19:08,659 [INFO] Activator:176 - 


2025-01-05 13:19:08,677 [INFO] Activator:177 - !SESSION log4j initialized
2025-01-05 13:19:25,041 [INFO] LogOutputStream:77 - [STDOUT_REDIRECT] 
2025-01-05 13:19:35,100 [INFO] ApplicationProperties:184 - Using Application install path: C:\ST\STM32CubeIDE_1.15.1\STM32CubeIDE\plugins\com.st.stm32cube.common.mx_6.11.1.202404110753
2025-01-05 13:19:35,132 [INFO] DbMcusXml:78 - Set database path to: C:\ST\STM32CubeIDE_1.15.1\STM32CubeIDE\plugins\com.st.stm32cube.common.mx_6.11.1.202404110753\\db\/mcu/
2025-01-05 13:19:35,132 [INFO] ApiDb:274 - Set plugin database path to: C:\ST\STM32CubeIDE_1.15.1\STM32CubeIDE\plugins\com.st.stm32cube.common.mx_6.11.1.202404110753\\db\/plugins/boardmanager/
2025-01-05 13:19:35,134 [WARN] ApiDb:259 - Overriding images path with different value:  => C:\ST\STM32CubeIDE_1.15.1\STM32CubeIDE\plugins\com.st.stm32cube.common.mx_6.11.1.202404110753\\db\/plugins/mcufinder/images/
2025-01-05 13:19:35,155 [INFO] ApiDb:250 - Set database path to: C:\Users\DELL\.stmcufinder\plugins\mcufinder//mcu/
2025-01-05 13:19:35,157 [INFO] DbMcusAds:125 - Set database path to: C:\Users\DELL\.stmcufinder\plugins\mcufinder//mcu/
2025-01-05 13:19:35,161 [INFO] CrossReferenceDbSqlite:203 - Set database path to: C:\Users\DELL\.stmcufinder\plugins\mcufinder//mcu/cs/
2025-01-05 13:19:35,357 [INFO] RulesReader:64 - Compatibility file has been processed (297 Rules)
2025-01-05 13:19:35,580 [INFO] DbMcusXml:78 - Set database path to: C:\ST\STM32CubeIDE_1.15.1\STM32CubeIDE\plugins\com.st.stm32cube.common.mx_6.11.1.202404110753\\db\/mcu/
2025-01-05 13:19:35,580 [INFO] ApiDb:274 - Set plugin database path to: C:\ST\STM32CubeIDE_1.15.1\STM32CubeIDE\plugins\com.st.stm32cube.common.mx_6.11.1.202404110753\\db\/plugins/boardmanager/
2025-01-05 13:19:35,580 [INFO] ApiDb:261 - Set plugin images path to: C:\ST\STM32CubeIDE_1.15.1\STM32CubeIDE\plugins\com.st.stm32cube.common.mx_6.11.1.202404110753\\db\/plugins/mcufinder/images/
2025-01-05 13:19:35,581 [WARN] DbFile:41 - Overriding database path with different value: C:\Users\DELL\.stmcufinder\plugins\mcufinder/ => C:\Users\DELL\.stmcufinder\plugins\mcufinder
2025-01-05 13:19:35,581 [INFO] ApiDb:250 - Set database path to: C:\Users\DELL\.stmcufinder\plugins\mcufinder//mcu/
2025-01-05 13:19:35,581 [WARN] DbFile:41 - Overriding database path with different value: C:\Users\DELL\.stmcufinder\plugins\mcufinder/ => C:\Users\DELL\.stmcufinder\plugins\mcufinder
2025-01-05 13:19:35,581 [INFO] DbMcusAds:125 - Set database path to: C:\Users\DELL\.stmcufinder\plugins\mcufinder//mcu/
2025-01-05 13:19:35,581 [WARN] DbFile:41 - Overriding database path with different value: C:\Users\DELL\.stmcufinder\plugins\mcufinder/ => C:\Users\DELL\.stmcufinder\plugins\mcufinder
2025-01-05 13:19:35,581 [WARN] DbFile:41 - Overriding database path with different value: C:\Users\DELL\.stmcufinder\plugins\mcufinder/ => C:\Users\DELL\.stmcufinder\plugins\mcufinder
2025-01-05 13:19:35,581 [INFO] CrossReferenceDbSqlite:203 - Set database path to: C:\Users\DELL\.stmcufinder\plugins\mcufinder//mcu/cs/
2025-01-05 13:19:35,750 [INFO] MainPanel:264 - HeapMemory: 268435456
2025-01-05 13:19:35,937 [INFO] DbMcusXml:78 - Set database path to: C:\ST\STM32CubeIDE_1.15.1\STM32CubeIDE\plugins\com.st.stm32cube.common.mx_6.11.1.202404110753\\db\/mcu/
2025-01-05 13:19:35,938 [INFO] ApiDb:274 - Set plugin database path to: C:\ST\STM32CubeIDE_1.15.1\STM32CubeIDE\plugins\com.st.stm32cube.common.mx_6.11.1.202404110753\\db\/plugins/boardmanager/
2025-01-05 13:19:35,938 [INFO] ApiDb:261 - Set plugin images path to: C:\ST\STM32CubeIDE_1.15.1\STM32CubeIDE\plugins\com.st.stm32cube.common.mx_6.11.1.202404110753\\db\/plugins/mcufinder/images/
2025-01-05 13:19:35,939 [WARN] DbFile:41 - Overriding database path with different value: C:\Users\DELL\.stmcufinder\plugins\mcufinder/ => C:\Users\DELL\.stmcufinder\plugins\mcufinder
2025-01-05 13:19:35,939 [INFO] ApiDb:250 - Set database path to: C:\Users\DELL\.stmcufinder\plugins\mcufinder//mcu/
2025-01-05 13:19:35,939 [WARN] DbFile:41 - Overriding database path with different value: C:\Users\DELL\.stmcufinder\plugins\mcufinder/ => C:\Users\DELL\.stmcufinder\plugins\mcufinder
2025-01-05 13:19:35,940 [INFO] DbMcusAds:125 - Set database path to: C:\Users\DELL\.stmcufinder\plugins\mcufinder//mcu/
2025-01-05 13:19:35,940 [WARN] DbFile:41 - Overriding database path with different value: C:\Users\DELL\.stmcufinder\plugins\mcufinder/ => C:\Users\DELL\.stmcufinder\plugins\mcufinder
2025-01-05 13:19:35,940 [WARN] DbFile:41 - Overriding database path with different value: C:\Users\DELL\.stmcufinder\plugins\mcufinder/ => C:\Users\DELL\.stmcufinder\plugins\mcufinder
2025-01-05 13:19:35,947 [INFO] CrossReferenceDbSqlite:203 - Set database path to: C:\Users\DELL\.stmcufinder\plugins\mcufinder//mcu/cs/
2025-01-05 13:19:35,980 [INFO] ApplicationProperties:184 - Using Application install path: C:\ST\STM32CubeIDE_1.15.1\STM32CubeIDE\plugins\com.st.stm32cube.common.mx_6.11.1.202404110753
2025-01-05 13:19:36,002 [INFO] PluginManage:196 - Search for loadable plugins [exclusion list=, ]
2025-01-05 13:19:36,005 [INFO] PluginManage:310 - Check plugin analytics
2025-01-05 13:19:36,465 [INFO] AnalyticsPlugin:253 - Accepted Software Licenses: 
2025-01-05 13:19:36,466 [INFO] AnalyticsPlugin:255 - Accepted CMSIS Pack Licenses: 
2025-01-05 13:19:36,466 [INFO] AnalyticsPlugin:257 - Accepted Firmware Licenses: FW.F4.1.28.0
2025-01-05 13:19:36,472 [INFO] PluginManage:359 - Loaded plugin analytics (category:tool,tabindex:-1)
2025-01-05 13:19:36,473 [INFO] PluginManage:310 - Check plugin cadmodel
2025-01-05 13:19:36,504 [INFO] CADModel:105 - Init CAD model plugin
2025-01-05 13:19:36,505 [INFO] PluginManage:359 - Loaded plugin cadmodel (category:power,tabindex:5)
2025-01-05 13:19:36,505 [INFO] PluginManage:310 - Check plugin clock
2025-01-05 13:19:36,550 [INFO] PluginManage:359 - Loaded plugin clock (category:base,tabindex:2)
2025-01-05 13:19:36,550 [INFO] PluginManage:310 - Check plugin ddr
2025-01-05 13:19:36,554 [INFO] PluginManage:359 - Loaded plugin ddr (category:tool,tabindex:6)
2025-01-05 13:19:36,554 [INFO] PluginManage:310 - Check plugin filemanager
2025-01-05 13:19:36,917 [INFO] PluginManage:359 - Loaded plugin filemanager (category:base,tabindex:10)
2025-01-05 13:19:36,917 [INFO] PluginManage:310 - Check plugin ipmanager
2025-01-05 13:19:36,942 [INFO] PluginManage:359 - Loaded plugin ipmanager (category:base,tabindex:5)
2025-01-05 13:19:36,942 [INFO] PluginManage:310 - Check plugin lpbam
2025-01-05 13:19:36,984 [INFO] PluginManage:359 - Loaded plugin lpbam (category:base,tabindex:0)
2025-01-05 13:19:36,984 [INFO] PluginManage:310 - Check plugin memorymap
2025-01-05 13:19:37,026 [INFO] PluginManage:359 - Loaded plugin memorymap (category:base,tabindex:4)
2025-01-05 13:19:37,026 [INFO] PluginManage:310 - Check plugin pinoutandconfiguration
2025-01-05 13:19:37,052 [INFO] PluginManage:359 - Loaded plugin pinoutandconfiguration (category:base,tabindex:1)
2025-01-05 13:19:37,053 [INFO] PluginManage:310 - Check plugin pinoutconfig
2025-01-05 13:19:37,267 [WARN] SupportedApi:132 - Cannot load RTOS API schema: s4s-elt-must-match.1: The content of 'definitions' must match (annotation?, (simpleType | complexType)?, (unique | key | keyref)*)). A problem was found starting at: attribute.
2025-01-05 13:19:37,514 [INFO] PluginManage:359 - Loaded plugin pinoutconfig (category:base,tabindex:0)
2025-01-05 13:19:37,514 [INFO] PluginManage:310 - Check plugin power
2025-01-05 13:19:37,552 [INFO] PluginManage:359 - Loaded plugin power (category:power,tabindex:4)
2025-01-05 13:19:37,552 [INFO] PluginManage:310 - Check plugin projectmanager
2025-01-05 13:19:37,585 [INFO] PluginManage:359 - Loaded plugin projectmanager (category:projectmanager,tabindex:3)
2025-01-05 13:19:37,585 [INFO] PluginManage:310 - Check plugin thirdparty
2025-01-05 13:19:38,109 [WARN] IntegrityCheckThread:84 - waiting for thirdparty lock release [integrity check]
2025-01-05 13:19:38,110 [INFO] PluginManage:359 - Loaded plugin thirdparty (category:base,tabindex:-1)
2025-01-05 13:19:38,110 [INFO] IntegrityCheckThread:86 - entering critical section [integrity check]
2025-01-05 13:19:38,110 [INFO] PluginManage:310 - Check plugin tools
2025-01-05 13:19:38,110 [INFO] ThirdPartyUpdaterWithRetryManager:70 - Updater plugin not ready yet. [1/15]
2025-01-05 13:19:38,164 [INFO] PluginManage:359 - Loaded plugin tools (category:base,tabindex:7)
2025-01-05 13:19:38,164 [INFO] PluginManage:310 - Check plugin tutovideos
2025-01-05 13:19:38,483 [INFO] PluginManage:359 - Loaded plugin tutovideos (category:base,tabindex:-1)
2025-01-05 13:19:38,484 [INFO] PluginManage:310 - Check plugin updater
2025-01-05 13:19:38,502 [INFO] PluginManage:359 - Loaded plugin updater (category:base,tabindex:12)
2025-01-05 13:19:38,502 [INFO] PluginManage:310 - Check plugin userauth
2025-01-05 13:19:38,512 [INFO] UserAuth:114 - Init User Auth plugin
2025-01-05 13:19:38,512 [INFO] PluginManage:359 - Loaded plugin userauth (category:base,tabindex:14)
2025-01-05 13:19:38,513 [INFO] PluginManage:283 - PluginManage : Loaded plugins [17]
2025-01-05 13:19:38,932 [INFO] PinOutPanel:1561 - setPackage(No Configuration,No Configuration)
2025-01-05 13:19:39,062 [INFO] CADModel:165 - CPN selected for project level
2025-01-05 13:19:39,062 [INFO] CADModel:114 - Register for checkConnection events
2025-01-05 13:19:39,113 [INFO] IPUIPlugin:80 - create IPUIPlugin
2025-01-05 13:19:39,114 [INFO] PluginManager:220 - loadIPPluginJar : add adc
2025-01-05 13:19:39,183 [INFO] IPUIPlugin:80 - create IPUIPlugin
2025-01-05 13:19:39,183 [INFO] PluginManager:220 - loadIPPluginJar : add aes
2025-01-05 13:19:39,248 [INFO] IPUIPlugin:80 - create IPUIPlugin
2025-01-05 13:19:39,248 [INFO] PluginManager:220 - loadIPPluginJar : add can
2025-01-05 13:19:39,291 [INFO] IPUIPlugin:80 - create IPUIPlugin
2025-01-05 13:19:39,291 [INFO] PluginManager:220 - loadIPPluginJar : add comp
2025-01-05 13:19:39,347 [INFO] IPUIPlugin:80 - create IPUIPlugin
2025-01-05 13:19:39,347 [INFO] PluginManager:220 - loadIPPluginJar : add cryp
2025-01-05 13:19:39,396 [INFO] IPUIPlugin:80 - create IPUIPlugin
2025-01-05 13:19:39,397 [INFO] PluginManager:220 - loadIPPluginJar : add dfsdm
2025-01-05 13:19:39,417 [INFO] IPUIPlugin:80 - create IPUIPlugin
2025-01-05 13:19:39,418 [INFO] PluginManager:220 - loadIPPluginJar : add dma
2025-01-05 13:19:39,488 [INFO] IPUIPlugin:80 - create IPUIPlugin
2025-01-05 13:19:39,488 [INFO] PluginManager:220 - loadIPPluginJar : add dma3
2025-01-05 13:19:39,558 [INFO] IPUIPlugin:80 - create IPUIPlugin
2025-01-05 13:19:39,558 [INFO] PluginManager:220 - loadIPPluginJar : add extmemmanager
2025-01-05 13:19:39,590 [INFO] IPUIPlugin:80 - create IPUIPlugin
2025-01-05 13:19:39,590 [INFO] PluginManager:220 - loadIPPluginJar : add fatfs
2025-01-05 13:19:39,670 [INFO] IPUIPlugin:80 - create IPUIPlugin
2025-01-05 13:19:39,670 [INFO] PluginManager:220 - loadIPPluginJar : add fmc
2025-01-05 13:19:39,707 [INFO] IPUIPlugin:80 - create IPUIPlugin
2025-01-05 13:19:39,708 [INFO] PluginManager:220 - loadIPPluginJar : add freertos
2025-01-05 13:19:39,741 [INFO] IPUIPlugin:80 - create IPUIPlugin
2025-01-05 13:19:39,742 [INFO] PluginManager:220 - loadIPPluginJar : add genericplugin
2025-01-05 13:19:39,892 [INFO] IPUIPlugin:80 - create IPUIPlugin
2025-01-05 13:19:39,892 [INFO] PluginManager:220 - loadIPPluginJar : add gfxmmu
2025-01-05 13:19:40,135 [INFO] IPUIPlugin:80 - create IPUIPlugin
2025-01-05 13:19:40,135 [INFO] PluginManager:220 - loadIPPluginJar : add gic
2025-01-05 13:19:40,155 [INFO] IPUIPlugin:80 - create IPUIPlugin
2025-01-05 13:19:40,155 [INFO] PluginManager:220 - loadIPPluginJar : add gpio
2025-01-05 13:19:40,298 [INFO] IPUIPlugin:80 - create IPUIPlugin
2025-01-05 13:19:40,298 [INFO] PluginManager:220 - loadIPPluginJar : add gtzc
2025-01-05 13:19:40,348 [INFO] IPUIPlugin:80 - create IPUIPlugin
2025-01-05 13:19:40,349 [INFO] PluginManager:220 - loadIPPluginJar : add hash
2025-01-05 13:19:40,439 [INFO] IPUIPlugin:80 - create IPUIPlugin
2025-01-05 13:19:40,439 [INFO] PluginManager:220 - loadIPPluginJar : add i2c
2025-01-05 13:19:40,500 [INFO] IPUIPlugin:80 - create IPUIPlugin
2025-01-05 13:19:40,500 [INFO] PluginManager:220 - loadIPPluginJar : add i2s
2025-01-05 13:19:40,564 [INFO] IPUIPlugin:80 - create IPUIPlugin
2025-01-05 13:19:40,564 [INFO] PluginManager:220 - loadIPPluginJar : add i3c
2025-01-05 13:19:40,718 [INFO] IPUIPlugin:80 - create IPUIPlugin
2025-01-05 13:19:40,718 [INFO] PluginManager:220 - loadIPPluginJar : add ipddr
2025-01-05 13:19:40,863 [INFO] IPUIPlugin:80 - create IPUIPlugin
2025-01-05 13:19:40,863 [INFO] PluginManager:220 - loadIPPluginJar : add linkedlist
2025-01-05 13:19:40,925 [INFO] IPUIPlugin:80 - create IPUIPlugin
2025-01-05 13:19:40,926 [INFO] PluginManager:220 - loadIPPluginJar : add lorawan
2025-01-05 13:19:40,994 [INFO] IPUIPlugin:80 - create IPUIPlugin
2025-01-05 13:19:40,994 [INFO] PluginManager:220 - loadIPPluginJar : add ltdc
2025-01-05 13:19:41,020 [INFO] IPUIPlugin:80 - create IPUIPlugin
2025-01-05 13:19:41,020 [INFO] PluginManager:220 - loadIPPluginJar : add mdma
2025-01-05 13:19:41,048 [INFO] IPUIPlugin:80 - create IPUIPlugin
2025-01-05 13:19:41,049 [INFO] PluginManager:220 - loadIPPluginJar : add nvic
2025-01-05 13:19:41,116 [INFO] ThirdPartyUpdaterWithRetryManager:70 - Updater plugin not ready yet. [2/15]
2025-01-05 13:19:41,119 [INFO] IPUIPlugin:80 - create IPUIPlugin
2025-01-05 13:19:41,165 [INFO] PluginManager:220 - loadIPPluginJar : add opamp
2025-01-05 13:19:41,266 [INFO] IPUIPlugin:80 - create IPUIPlugin
2025-01-05 13:19:41,266 [INFO] PluginManager:220 - loadIPPluginJar : add openamp
2025-01-05 13:19:41,335 [INFO] IPUIPlugin:80 - create IPUIPlugin
2025-01-05 13:19:41,335 [INFO] PluginManager:220 - loadIPPluginJar : add pdm2pcm
2025-01-05 13:19:41,363 [INFO] IPUIPlugin:80 - create IPUIPlugin
2025-01-05 13:19:41,367 [INFO] PluginManager:220 - loadIPPluginJar : add plateformsettings
2025-01-05 13:19:41,410 [INFO] IPUIPlugin:80 - create IPUIPlugin
2025-01-05 13:19:41,410 [INFO] PluginManager:220 - loadIPPluginJar : add quadspi
2025-01-05 13:19:41,437 [INFO] IPUIPlugin:80 - create IPUIPlugin
2025-01-05 13:19:41,437 [INFO] PluginManager:220 - loadIPPluginJar : add resmgrutility
2025-01-05 13:19:41,518 [INFO] IPUIPlugin:80 - create IPUIPlugin
2025-01-05 13:19:41,518 [INFO] PluginManager:220 - loadIPPluginJar : add sai
2025-01-05 13:19:41,575 [INFO] IPUIPlugin:80 - create IPUIPlugin
2025-01-05 13:19:41,575 [INFO] PluginManager:220 - loadIPPluginJar : add spi
2025-01-05 13:19:41,683 [INFO] IPUIPlugin:80 - create IPUIPlugin
2025-01-05 13:19:41,683 [INFO] PluginManager:220 - loadIPPluginJar : add stm32_wpan
2025-01-05 13:19:41,720 [INFO] IPUIPlugin:80 - create IPUIPlugin
2025-01-05 13:19:41,720 [INFO] PluginManager:220 - loadIPPluginJar : add tim
2025-01-05 13:19:41,814 [INFO] IPUIPlugin:80 - create IPUIPlugin
2025-01-05 13:19:41,815 [INFO] PluginManager:220 - loadIPPluginJar : add touchsensing
2025-01-05 13:19:41,854 [INFO] IPUIPlugin:80 - create IPUIPlugin
2025-01-05 13:19:41,854 [INFO] PluginManager:220 - loadIPPluginJar : add tracer_emb
2025-01-05 13:19:41,934 [INFO] IPUIPlugin:80 - create IPUIPlugin
2025-01-05 13:19:41,934 [INFO] PluginManager:220 - loadIPPluginJar : add ts
2025-01-05 13:19:41,984 [INFO] IPUIPlugin:80 - create IPUIPlugin
2025-01-05 13:19:41,984 [INFO] PluginManager:220 - loadIPPluginJar : add tsc
2025-01-05 13:19:42,040 [INFO] IPUIPlugin:80 - create IPUIPlugin
2025-01-05 13:19:42,042 [INFO] PluginManager:220 - loadIPPluginJar : add ucpd
2025-01-05 13:19:42,141 [INFO] IPUIPlugin:80 - create IPUIPlugin
2025-01-05 13:19:42,141 [INFO] PluginManager:220 - loadIPPluginJar : add usart
2025-01-05 13:19:42,237 [INFO] IPUIPlugin:80 - create IPUIPlugin
2025-01-05 13:19:42,237 [INFO] PluginManager:220 - loadIPPluginJar : add usbx
2025-01-05 13:19:42,483 [INFO] CADModel:165 - CPN selected for project level
2025-01-05 13:19:42,484 [INFO] CADModel:114 - Register for checkConnection events
2025-01-05 13:19:42,484 [FATAL] Updater:308 - Updater called before beeing initialized
2025-01-05 13:19:42,485 [ERROR] CADModel:125 - Updater not yet initialized, retry later 
2025-01-05 13:19:42,888 [INFO] CADModel:165 - CPN selected for project level
2025-01-05 13:19:42,888 [INFO] CADModel:114 - Register for checkConnection events
2025-01-05 13:19:42,888 [FATAL] Updater:308 - Updater called before beeing initialized
2025-01-05 13:19:42,888 [ERROR] CADModel:125 - Updater not yet initialized, retry later 
2025-01-05 13:19:42,896 [FATAL] Updater:308 - Updater called before beeing initialized
2025-01-05 13:19:43,114 [FATAL] Updater:308 - Updater called before beeing initialized
2025-01-05 13:19:43,139 [INFO] DbMcusAds:53 - JSON generation date=Tue Dec 17 21:31:15 IST 2024 (1734451275222)
2025-01-05 13:19:43,140 [FATAL] Updater:308 - Updater called before beeing initialized
2025-01-05 13:19:43,277 [WARN] DetailPanel:346 - Failed to get advertising image, set to default
2025-01-05 13:19:43,424 [FATAL] Updater:308 - Updater called before beeing initialized
2025-01-05 13:19:43,430 [FATAL] Updater:308 - Updater called before beeing initialized
2025-01-05 13:19:43,430 [FATAL] Updater:308 - Updater called before beeing initialized
2025-01-05 13:19:43,430 [WARN] DetailPanel:346 - Failed to get advertising image, set to default
2025-01-05 13:19:43,431 [FATAL] Updater:308 - Updater called before beeing initialized
2025-01-05 13:19:43,569 [ERROR] Updater:1120 - MainUpdater not yet initialized. External WinMGr cannot be set.
2025-01-05 13:19:43,587 [INFO] Updater:1056 - Updater Version found : 6.11.1
2025-01-05 13:19:43,623 [INFO] ApplicationProperties:184 - Using Application install path: C:\ST\STM32CubeIDE_1.15.1\STM32CubeIDE\plugins\com.st.stm32cube.common.mx_6.11.1.202404110753
2025-01-05 13:19:44,169 [INFO] ThirdPartyUpdaterWithRetryManager:70 - Updater plugin not ready yet. [3/15]
2025-01-05 13:19:45,255 [ERROR] LogOutputStream:75 - [STDERR_REDIRECT] Jan 05, 2025 1:19:45 PM java.util.prefs.WindowsPreferences <init>
2025-01-05 13:19:45,262 [ERROR] LogOutputStream:75 - [STDERR_REDIRECT] WARNING: Could not open/create prefs root node Software\JavaSoft\Prefs at root 0xffffffff80000002. Windows RegCreateKeyEx(...) returned error code 5.
2025-01-05 13:19:45,262 [ERROR] LogOutputStream:75 - [STDERR_REDIRECT] 
2025-01-05 13:19:46,084 [INFO] MainUpdater:2873 - connection check result : 10
2025-01-05 13:19:46,087 [INFO] MainUpdater:290 - Updater Check For Update Now.
2025-01-05 13:19:46,090 [INFO] MicroXplorer:498 - Change Database Version : DB.6.0.111
2025-01-05 13:19:46,147 [INFO] McuFinderGlobals:63 - Set McuFinder mode to 2 (CubeIDE integrated)
2025-01-05 13:19:46,206 [INFO] UserAuth:415 - Internet connection configuration mode: 1
2025-01-05 13:19:46,276 [INFO] JxBrowserEngine:152 - Initiate JxBrowser Engine with user profile folder
2025-01-05 13:19:46,615 [INFO] CheckServerUpdateThread:120 - End of CheckServer Thread
2025-01-05 13:19:47,809 [WARN] PackLoader:240 - Cannot read IP mode file for STMicroelectronics.FP-SNS-MOTENVWB1.1.4.0
2025-01-05 13:19:47,837 [WARN] PackLoader:240 - Cannot read IP mode file for STMicroelectronics.FP-ATR-ASTRA1.2.0.1
2025-01-05 13:19:47,867 [WARN] PackLoader:240 - Cannot read IP mode file for STMicroelectronics.X-CUBE-SMBUS.2.1.0
2025-01-05 13:19:47,902 [WARN] PackLoader:240 - Cannot read IP mode file for STMicroelectronics.X-CUBE-WB05N.1.1.0
2025-01-05 13:19:48,004 [WARN] PackLoader:240 - Cannot read IP mode file for STMicroelectronics.X-CUBE-AZRTOS-F7.1.1.0
2025-01-05 13:19:48,225 [WARN] PackLoader:240 - Cannot read IP mode file for STMicroelectronics.X-CUBE-MEMS1.11.0.0
2025-01-05 13:19:48,619 [WARN] PackLoader:240 - Cannot read IP mode file for STMicroelectronics.FP-SNS-FLIGHT1.5.0.2
2025-01-05 13:19:48,655 [WARN] PackLoader:240 - Cannot read IP mode file for STMicroelectronics.X-CUBE-DISPLAY.3.0.0
2025-01-05 13:19:48,700 [WARN] PackLoader:240 - Cannot read IP mode file for STMicroelectronics.X-CUBE-BLE1.7.0.0
2025-01-05 13:19:48,740 [WARN] PackLoader:240 - Cannot read IP mode file for STMicroelectronics.X-CUBE-NFC10.1.0.0
2025-01-05 13:19:48,779 [WARN] PackLoader:240 - Cannot read IP mode file for STMicroelectronics.X-CUBE-BLEMGR.4.0.0
2025-01-05 13:19:48,818 [WARN] PackLoader:240 - Cannot read IP mode file for emotas.I-CUBE-CANOPEN.1.3.0
2025-01-05 13:19:48,857 [WARN] PackLoader:240 - Cannot read IP mode file for STMicroelectronics.X-CUBE-BLEMGR.3.1.0
2025-01-05 13:19:48,890 [WARN] PackLoader:240 - Cannot read IP mode file for STMicroelectronics.FP-SNS-SMARTAG2.1.2.0
2025-01-05 13:19:49,115 [WARN] PackLoader:240 - Cannot read IP mode file for STMicroelectronics.X-CUBE-MEMS1.11.1.0
2025-01-05 13:19:49,669 [INFO] LogOutputStream:77 - [STDOUT_REDIRECT] 1 : Invalid condition id : UX_CORESTACK_Condition cause : null
2025-01-05 13:19:49,670 [INFO] LogOutputStream:77 - [STDOUT_REDIRECT] 1 : Invalid condition id : UX_CORESTACK_Condition cause : null
2025-01-05 13:19:49,677 [INFO] LogOutputStream:77 - [STDOUT_REDIRECT] 1 : Invalid condition id : UX_CORESTACK_Condition cause : null
2025-01-05 13:19:49,680 [INFO] LogOutputStream:77 - [STDOUT_REDIRECT] 1 : Invalid condition id : UX_CORESTACK_Condition cause : null
2025-01-05 13:19:49,682 [INFO] LogOutputStream:77 - [STDOUT_REDIRECT] 1 : Invalid condition id : UX_CORESTACK_Condition cause : null
2025-01-05 13:19:49,687 [WARN] PackLoader:240 - Cannot read IP mode file for STMicroelectronics.X-CUBE-AZRTOS-WL.2.0.0
2025-01-05 13:19:49,718 [WARN] PackLoader:240 - Cannot read IP mode file for STMicroelectronics.FP-SNS-MOTENV1.5.0.0
2025-01-05 13:19:49,773 [WARN] PackLoader:240 - Cannot read IP mode file for wolfSSL.I-CUBE-wolfMQTT.1.19.0
2025-01-05 13:19:49,820 [WARN] PackLoader:240 - Cannot read IP mode file for WES.I-CUBE-Cesium.1.3.0
2025-01-05 13:19:49,863 [WARN] PackLoader:240 - Cannot read IP mode file for STMicroelectronics.X-CUBE-BLE2.3.3.0
2025-01-05 13:19:49,900 [WARN] PackLoader:240 - Cannot read IP mode file for STMicroelectronics.X-CUBE-NFC9.1.0.0
2025-01-05 13:19:49,937 [WARN] PackLoader:240 - Cannot read IP mode file for STMicroelectronics.X-CUBE-TCPP.4.1.0
2025-01-05 13:19:50,046 [WARN] PackLoader:240 - Cannot read IP mode file for STMicroelectronics.X-CUBE-AZRTOS-G0.1.1.0
2025-01-05 13:19:50,204 [WARN] PackLoader:240 - Cannot read IP mode file for STMicroelectronics.X-CUBE-SAFEA1.1.2.2
2025-01-05 13:19:50,254 [WARN] PackLoader:240 - Cannot read IP mode file for STMicroelectronics.X-CUBE-NFC4.3.0.0
2025-01-05 13:19:50,337 [WARN] PackLoader:240 - Cannot read IP mode file for EmbeddedOffice.I-CUBE-FS-RTOS.1.0.1
2025-01-05 13:19:50,337 [ERROR] ConditionMgr:805 - Attr not supported : Dmpu
2025-01-05 13:19:50,338 [ERROR] ConditionMgr:805 - Attr not supported : Dmpu
2025-01-05 13:19:50,338 [ERROR] ConditionMgr:805 - Attr not supported : Dmpu
2025-01-05 13:19:50,338 [ERROR] ConditionMgr:805 - Attr not supported : Dmpu
2025-01-05 13:19:50,338 [ERROR] ConditionMgr:805 - Attr not supported : Dmpu
2025-01-05 13:19:50,338 [ERROR] ConditionMgr:805 - Attr not supported : Dmpu
2025-01-05 13:19:50,338 [ERROR] ConditionMgr:805 - Attr not supported : Dmpu
2025-01-05 13:19:50,339 [ERROR] ConditionMgr:805 - Attr not supported : Dmpu
2025-01-05 13:19:50,339 [ERROR] ConditionMgr:805 - Attr not supported : Dmpu
2025-01-05 13:19:50,339 [ERROR] ConditionMgr:805 - Attr not supported : Dmpu
2025-01-05 13:19:50,339 [ERROR] ConditionMgr:805 - Attr not supported : Dmpu
2025-01-05 13:19:50,339 [ERROR] ConditionMgr:805 - Attr not supported : Dmpu
2025-01-05 13:19:50,340 [ERROR] ConditionMgr:805 - Attr not supported : Dmpu
2025-01-05 13:19:50,340 [ERROR] ConditionMgr:805 - Attr not supported : Dmpu
2025-01-05 13:19:50,340 [ERROR] ConditionMgr:805 - Attr not supported : Dmpu
2025-01-05 13:19:50,340 [ERROR] ConditionMgr:805 - Attr not supported : Dmpu
2025-01-05 13:19:50,341 [ERROR] ConditionMgr:805 - Attr not supported : Dmpu
2025-01-05 13:19:50,341 [ERROR] ConditionMgr:805 - Attr not supported : Dmpu
2025-01-05 13:19:50,341 [ERROR] ConditionMgr:805 - Attr not supported : Dmpu
2025-01-05 13:19:50,341 [ERROR] ConditionMgr:805 - Attr not supported : Dmpu
2025-01-05 13:19:50,342 [ERROR] ConditionMgr:805 - Attr not supported : Dmpu
2025-01-05 13:19:50,342 [ERROR] ConditionMgr:805 - Attr not supported : Dmpu
2025-01-05 13:19:50,342 [ERROR] ConditionMgr:805 - Attr not supported : Dmpu
2025-01-05 13:19:50,342 [ERROR] ConditionMgr:805 - Attr not supported : Dmpu
2025-01-05 13:19:50,342 [ERROR] ConditionMgr:805 - Attr not supported : Dmpu
2025-01-05 13:19:50,342 [ERROR] ConditionMgr:805 - Attr not supported : Dmpu
2025-01-05 13:19:50,342 [ERROR] ConditionMgr:805 - Attr not supported : Dmpu
2025-01-05 13:19:50,343 [ERROR] ConditionMgr:805 - Attr not supported : Dmpu
2025-01-05 13:19:50,343 [ERROR] ConditionMgr:805 - Attr not supported : Dmpu
2025-01-05 13:19:50,344 [ERROR] ConditionMgr:805 - Attr not supported : Dmpu
2025-01-05 13:19:50,344 [ERROR] ConditionMgr:805 - Attr not supported : Dmpu
2025-01-05 13:19:50,344 [ERROR] ConditionMgr:805 - Attr not supported : Dmpu
2025-01-05 13:19:50,344 [ERROR] ConditionMgr:805 - Attr not supported : Dmpu
2025-01-05 13:19:50,345 [ERROR] ConditionMgr:805 - Attr not supported : Dmpu
2025-01-05 13:19:50,346 [ERROR] ConditionMgr:805 - Attr not supported : Dmpu
2025-01-05 13:19:50,346 [ERROR] ConditionMgr:805 - Attr not supported : Dmpu
2025-01-05 13:19:50,348 [ERROR] ConditionMgr:805 - Attr not supported : Dmpu
2025-01-05 13:19:50,348 [ERROR] ConditionMgr:805 - Attr not supported : Dmpu
2025-01-05 13:19:50,349 [ERROR] ConditionMgr:805 - Attr not supported : Dmpu
2025-01-05 13:19:50,349 [ERROR] ConditionMgr:805 - Attr not supported : Dmpu
2025-01-05 13:19:50,349 [ERROR] ConditionMgr:805 - Attr not supported : Dmpu
2025-01-05 13:19:50,349 [ERROR] ConditionMgr:805 - Attr not supported : Dmpu
2025-01-05 13:19:50,350 [ERROR] ConditionMgr:805 - Attr not supported : Dmpu
2025-01-05 13:19:50,350 [ERROR] ConditionMgr:805 - Attr not supported : Dmpu
2025-01-05 13:19:50,350 [ERROR] ConditionMgr:805 - Attr not supported : Dmpu
2025-01-05 13:19:50,350 [ERROR] ConditionMgr:805 - Attr not supported : Dmpu
2025-01-05 13:19:50,350 [ERROR] ConditionMgr:805 - Attr not supported : Dmpu
2025-01-05 13:19:50,350 [ERROR] ConditionMgr:805 - Attr not supported : Dmpu
2025-01-05 13:19:50,350 [ERROR] ConditionMgr:805 - Attr not supported : Dmpu
2025-01-05 13:19:50,350 [ERROR] ConditionMgr:805 - Attr not supported : Dmpu
2025-01-05 13:19:50,350 [ERROR] ConditionMgr:805 - Attr not supported : Dmpu
2025-01-05 13:19:50,350 [ERROR] ConditionMgr:805 - Attr not supported : Dmpu
2025-01-05 13:19:50,352 [ERROR] ConditionMgr:805 - Attr not supported : Dmpu
2025-01-05 13:19:50,352 [ERROR] ConditionMgr:805 - Attr not supported : Dmpu
2025-01-05 13:19:50,352 [ERROR] ConditionMgr:805 - Attr not supported : Dmpu
2025-01-05 13:19:50,352 [ERROR] ConditionMgr:805 - Attr not supported : Dmpu
2025-01-05 13:19:50,352 [ERROR] ConditionMgr:805 - Attr not supported : Dmpu
2025-01-05 13:19:50,352 [ERROR] ConditionMgr:805 - Attr not supported : Dmpu
2025-01-05 13:19:50,352 [ERROR] ConditionMgr:805 - Attr not supported : Dmpu
2025-01-05 13:19:50,353 [ERROR] ConditionMgr:805 - Attr not supported : Dmpu
2025-01-05 13:19:50,353 [ERROR] ConditionMgr:805 - Attr not supported : Dmpu
2025-01-05 13:19:50,353 [ERROR] ConditionMgr:805 - Attr not supported : Dmpu
2025-01-05 13:19:50,353 [ERROR] ConditionMgr:805 - Attr not supported : Dmpu
2025-01-05 13:19:50,353 [ERROR] ConditionMgr:805 - Attr not supported : Dmpu
2025-01-05 13:19:50,412 [ERROR] Engine:466 - C:\Users\DELL\.stm32cubemx\thirdparties\pdsc\STMicroelectronics.X-CUBE-TCPP.4.2.0.pdsc: PDSC version is not supported
2025-01-05 13:19:50,449 [WARN] PackLoader:240 - Cannot read IP mode file for RealThread.X-CUBE-RT-Thread_Nano.4.1.1
2025-01-05 13:19:50,476 [WARN] PackLoader:240 - Cannot read IP mode file for wolfSSL.I-CUBE-wolfSSL.5.7.0
2025-01-05 13:19:50,506 [WARN] PackLoader:240 - Cannot read IP mode file for STMicroelectronics.FP-ATR-SIGFOX1.3.2.0
2025-01-05 13:19:50,600 [WARN] ConditionMgr:438 - getConditionDescription Invalid condition id : Cortex-A Device cause : null
2025-01-05 13:19:50,714 [WARN] ConditionMgr:1039 - genDependencies : Invalid condition id : Cortex-A Device cause : null
2025-01-05 13:19:50,715 [WARN] ConditionMgr:1039 - genDependencies : Invalid condition id : Cortex-A Device cause : null
2025-01-05 13:19:50,715 [WARN] ConditionMgr:1039 - genDependencies : Invalid condition id : Cortex-A Device cause : null
2025-01-05 13:19:50,744 [WARN] PackLoader:240 - Cannot read IP mode file for STMicroelectronics.X-CUBE-EEPRMA1.5.1.0
2025-01-05 13:19:50,781 [WARN] PackLoader:240 - Cannot read IP mode file for ITTIA_DB.I-CUBE-ITTIADB.8.9.0
2025-01-05 13:19:50,879 [WARN] PackLoader:240 - Cannot read IP mode file for SEGGER.I-CUBE-embOS.1.3.1
2025-01-05 13:19:50,969 [WARN] PackLoader:240 - Cannot read IP mode file for STMicroelectronics.X-CUBE-ALGOBUILD.1.4.0
2025-01-05 13:19:51,001 [WARN] PackLoader:240 - Cannot read IP mode file for STMicroelectronics.X-CUBE-AI.9.1.0
2025-01-05 13:19:51,029 [WARN] PackLoader:240 - Cannot read IP mode file for STMicroelectronics.X-CUBE-GNSS1.6.0.0
2025-01-05 13:19:51,109 [WARN] PackLoader:240 - Cannot read IP mode file for STMicroelectronics.X-CUBE-AZRTOS-F4.1.1.0
2025-01-05 13:19:51,140 [WARN] PackLoader:240 - Cannot read IP mode file for STMicroelectronics.X-CUBE-ISPU.2.1.0
2025-01-05 13:19:51,168 [WARN] PackLoader:240 - Cannot read IP mode file for STMicroelectronics.X-CUBE-FREERTOS.1.2.0
2025-01-05 13:19:51,216 [WARN] PackLoader:240 - Cannot read IP mode file for STMicroelectronics.X-CUBE-AZRTOS-L5.2.0.0
2025-01-05 13:19:51,252 [WARN] PackLoader:240 - Cannot read IP mode file for STMicroelectronics.X-CUBE-NFC6.3.1.0
2025-01-05 13:19:51,285 [WARN] PackLoader:240 - Cannot read IP mode file for STMicroelectronics.X-CUBE-DPower.1.2.0
2025-01-05 13:19:51,328 [WARN] PackLoader:240 - Cannot read IP mode file for STMicroelectronics.X-CUBE-AI.9.0.0
2025-01-05 13:19:51,361 [WARN] PackLoader:240 - Cannot read IP mode file for STMicroelectronics.X-CUBE-FREERTOS.1.3.0
2025-01-05 13:19:51,399 [WARN] PackLoader:240 - Cannot read IP mode file for STMicroelectronics.X-CUBE-NFC7.1.0.1
2025-01-05 13:19:51,434 [WARN] PackLoader:240 - Cannot read IP mode file for wolfSSL.I-CUBE-wolfTPM.3.2.0
2025-01-05 13:19:51,503 [WARN] ConditionMgr:438 - getConditionDescription Invalid condition id : LAN8742 Phy interface Condition cause : null
2025-01-05 13:19:51,504 [WARN] PackLoader:240 - Cannot read IP mode file for STMicroelectronics.X-CUBE-AZRTOS-L4.2.0.0
2025-01-05 13:19:51,506 [WARN] ConditionMgr:1039 - genDependencies : Invalid condition id : LAN8742 Phy interface Condition cause : null
2025-01-05 13:19:51,507 [WARN] ConditionMgr:1039 - genDependencies : Invalid condition id : LAN8742 Phy interface Condition cause : null
2025-01-05 13:19:51,508 [WARN] ConditionMgr:1039 - genDependencies : Invalid condition id : LAN8742 Phy interface Condition cause : null
2025-01-05 13:19:51,545 [WARN] PackLoader:240 - Cannot read IP mode file for STMicroelectronics.X-CUBE-SFXS2LP1.4.0.0
2025-01-05 13:19:51,635 [WARN] PackLoader:240 - Cannot read IP mode file for STMicroelectronics.X-CUBE-AZRTOS-H7.3.3.0
2025-01-05 13:19:51,684 [WARN] PackLoader:240 - Cannot read IP mode file for STMicroelectronics.X-CUBE-IPS.3.0.0
2025-01-05 13:19:51,734 [WARN] ConditionMgr:438 - getConditionDescription Invalid condition id : UX DEVICE CLASS RTOS Condition cause : null
2025-01-05 13:19:51,735 [WARN] ConditionMgr:438 - getConditionDescription Invalid condition id : UX DEVICE CLASS RTOS Condition cause : null
2025-01-05 13:19:51,737 [WARN] PackLoader:240 - Cannot read IP mode file for STMicroelectronics.X-CUBE-AZRTOS-WB.2.0.0
2025-01-05 13:19:51,738 [WARN] ConditionMgr:1039 - genDependencies : Invalid condition id : UX DEVICE CLASS RTOS Condition cause : null
2025-01-05 13:19:51,738 [WARN] ConditionMgr:1039 - genDependencies : Invalid condition id : UX DEVICE CLASS RTOS Condition cause : null
2025-01-05 13:19:51,740 [WARN] ConditionMgr:1039 - genDependencies : Invalid condition id : UX DEVICE CLASS RTOS Condition cause : null
2025-01-05 13:19:51,740 [WARN] ConditionMgr:1039 - genDependencies : Invalid condition id : UX DEVICE CLASS RTOS Condition cause : null
2025-01-05 13:19:51,740 [WARN] ConditionMgr:1039 - genDependencies : Invalid condition id : UX DEVICE CLASS RTOS Condition cause : null
2025-01-05 13:19:51,772 [WARN] PackLoader:240 - Cannot read IP mode file for STMicroelectronics.X-CUBE-GNSS1.7.0.0
2025-01-05 13:19:51,802 [WARN] PackLoader:240 - Cannot read IP mode file for STMicroelectronics.X-CUBE-GNSS1.7.0.1
2025-01-05 13:19:51,839 [WARN] PackLoader:240 - Cannot read IP mode file for STMicroelectronics.FP-SNS-STBOX1.2.0.0
2025-01-05 13:19:51,897 [WARN] PackLoader:240 - Cannot read IP mode file for STMicroelectronics.X-CUBE-SUBG2.5.0.0
2025-01-05 13:19:51,932 [WARN] PackLoader:240 - Cannot read IP mode file for Cesanta.I-CUBE-Mongoose.7.13.0
2025-01-05 13:19:51,985 [WARN] PackLoader:240 - Cannot read IP mode file for STMicroelectronics.X-CUBE-AZRTOS-G4.2.0.0
2025-01-05 13:19:52,019 [WARN] PackLoader:240 - Cannot read IP mode file for STMicroelectronics.X-CUBE-ISPU.2.0.0
2025-01-05 13:19:52,047 [WARN] PackLoader:240 - Cannot read IP mode file for STMicroelectronics.X-CUBE-ALS.1.0.2
2025-01-05 13:19:52,175 [WARN] PackLoader:240 - Cannot read IP mode file for STMicroelectronics.X-CUBE-MEMS1.10.0.0
2025-01-05 13:19:52,585 [WARN] PackLoader:240 - Cannot read IP mode file for STMicroelectronics.X-CUBE-TOUCHGFX.4.24.0
2025-01-05 13:19:52,655 [WARN] PackLoader:240 - Cannot read IP mode file for STMicroelectronics.X-CUBE-TOUCHGFX.4.24.1
2025-01-05 13:19:52,724 [WARN] PackLoader:240 - Cannot read IP mode file for portGmbH.I-Cube-SoM-uGOAL.1.1.0
2025-01-05 13:19:52,788 [WARN] PackLoader:240 - Cannot read IP mode file for STMicroelectronics.X-CUBE-AZRTOS-H7RS.1.0.0
2025-01-05 13:19:52,819 [WARN] PackLoader:240 - Cannot read IP mode file for STMicroelectronics.FP-ATR-ASTRA1.2.0.0
2025-01-05 13:19:52,856 [WARN] PackLoader:240 - Cannot read IP mode file for STMicroelectronics.X-CUBE-TOF1.3.4.2
2025-01-05 13:19:52,940 [WARN] PackLoader:240 - Cannot read IP mode file for STMicroelectronics.X-CUBE-TOF1.3.4.1
2025-01-05 13:19:53,075 [WARN] PackLoader:240 - Cannot read IP mode file for STMicroelectronics.X-CUBE-AZRTOS-H7.3.2.0
2025-01-05 13:19:53,275 [WARN] PackLoader:240 - Cannot read IP mode file for Infineon.AIROC-Wi-Fi-Bluetooth-STM32.1.6.0
2025-01-05 13:19:53,315 [WARN] PackLoader:240 - Cannot read IP mode file for wolfSSL.I-CUBE-wolfSSH.1.4.17
2025-01-05 13:19:53,316 [INFO] ThirdParty:978 - Integrity check success = true
2025-01-05 13:19:53,316 [INFO] IntegrityCheckThread:100 - exiting critical section [integrity check]
2025-01-05 13:19:53,316 [INFO] IntegrityCheckThread:103 - End integrity checks thread
2025-01-05 13:20:02,077 [INFO] WebApp:161 - Instantiating new browser for Auth
2025-01-05 13:20:03,625 [INFO] WebApp:779 - Register for checkConnection events
2025-01-05 13:20:03,626 [INFO] WebApp:414 - Apply proxy settings
2025-01-05 13:20:03,626 [INFO] WebApp:499 - Chromium requires no authentication
2025-01-05 13:20:03,640 [INFO] WebApp:442 - Direct internet connection detected
2025-01-05 13:20:03,915 [INFO] WebApp:192 - Starting web application
2025-01-05 13:20:03,915 [INFO] WebApp:544 - Web application path used C:\ST\STM32CubeIDE_1.15.1\STM32CubeIDE\plugins\com.st.stm32cube.common.mx_6.11.1.202404110753\db\plugins\mcufinder\reactClient1\index.html
2025-01-05 17:04:03,105 [ERROR] LogOutputStream:75 - [STDERR_REDIRECT] 17:04:02.999 ERROR Chromium process exit code: 1,073,807,364
2025-01-05 17:04:03,222 [ERROR] LogOutputStream:75 - [STDERR_REDIRECT] 
2025-01-05 17:04:03,226 [ERROR] LogOutputStream:75 - [STDERR_REDIRECT] 17:04:03.225 ERROR Crash dump dir: C:\Users\DELL\AppData\Local\JxBrowser\7.37.2\CrashReports
2025-01-05 17:04:03,227 [ERROR] LogOutputStream:75 - [STDERR_REDIRECT] 
2025-01-05 17:04:03,279 [ERROR] WebApp:363 - JxBrowser engine crashed! Exit code: 1073807364
2025-01-05 19:42:53,515 [INFO] Activator:176 - 


2025-01-05 19:42:53,518 [INFO] Activator:177 - !SESSION log4j initialized
2025-01-05 19:43:10,794 [INFO] LogOutputStream:77 - [STDOUT_REDIRECT] 
2025-01-05 19:43:20,719 [INFO] ApplicationProperties:184 - Using Application install path: C:\ST\STM32CubeIDE_1.15.1\STM32CubeIDE\plugins\com.st.stm32cube.common.mx_6.11.1.202404110753
2025-01-05 19:43:20,766 [INFO] DbMcusXml:78 - Set database path to: C:\ST\STM32CubeIDE_1.15.1\STM32CubeIDE\plugins\com.st.stm32cube.common.mx_6.11.1.202404110753\\db\/mcu/
2025-01-05 19:43:20,766 [INFO] ApiDb:274 - Set plugin database path to: C:\ST\STM32CubeIDE_1.15.1\STM32CubeIDE\plugins\com.st.stm32cube.common.mx_6.11.1.202404110753\\db\/plugins/boardmanager/
2025-01-05 19:43:20,766 [WARN] ApiDb:259 - Overriding images path with different value:  => C:\ST\STM32CubeIDE_1.15.1\STM32CubeIDE\plugins\com.st.stm32cube.common.mx_6.11.1.202404110753\\db\/plugins/mcufinder/images/
2025-01-05 19:43:20,787 [INFO] ApiDb:250 - Set database path to: C:\Users\DELL\.stmcufinder\plugins\mcufinder//mcu/
2025-01-05 19:43:20,788 [INFO] DbMcusAds:125 - Set database path to: C:\Users\DELL\.stmcufinder\plugins\mcufinder//mcu/
2025-01-05 19:43:20,791 [INFO] CrossReferenceDbSqlite:203 - Set database path to: C:\Users\DELL\.stmcufinder\plugins\mcufinder//mcu/cs/
2025-01-05 19:43:21,140 [INFO] RulesReader:64 - Compatibility file has been processed (297 Rules)
2025-01-05 19:43:21,356 [INFO] DbMcusXml:78 - Set database path to: C:\ST\STM32CubeIDE_1.15.1\STM32CubeIDE\plugins\com.st.stm32cube.common.mx_6.11.1.202404110753\\db\/mcu/
2025-01-05 19:43:21,356 [INFO] ApiDb:274 - Set plugin database path to: C:\ST\STM32CubeIDE_1.15.1\STM32CubeIDE\plugins\com.st.stm32cube.common.mx_6.11.1.202404110753\\db\/plugins/boardmanager/
2025-01-05 19:43:21,357 [INFO] ApiDb:261 - Set plugin images path to: C:\ST\STM32CubeIDE_1.15.1\STM32CubeIDE\plugins\com.st.stm32cube.common.mx_6.11.1.202404110753\\db\/plugins/mcufinder/images/
2025-01-05 19:43:21,357 [WARN] DbFile:41 - Overriding database path with different value: C:\Users\DELL\.stmcufinder\plugins\mcufinder/ => C:\Users\DELL\.stmcufinder\plugins\mcufinder
2025-01-05 19:43:21,357 [INFO] ApiDb:250 - Set database path to: C:\Users\DELL\.stmcufinder\plugins\mcufinder//mcu/
2025-01-05 19:43:21,357 [WARN] DbFile:41 - Overriding database path with different value: C:\Users\DELL\.stmcufinder\plugins\mcufinder/ => C:\Users\DELL\.stmcufinder\plugins\mcufinder
2025-01-05 19:43:21,357 [INFO] DbMcusAds:125 - Set database path to: C:\Users\DELL\.stmcufinder\plugins\mcufinder//mcu/
2025-01-05 19:43:21,358 [WARN] DbFile:41 - Overriding database path with different value: C:\Users\DELL\.stmcufinder\plugins\mcufinder/ => C:\Users\DELL\.stmcufinder\plugins\mcufinder
2025-01-05 19:43:21,358 [WARN] DbFile:41 - Overriding database path with different value: C:\Users\DELL\.stmcufinder\plugins\mcufinder/ => C:\Users\DELL\.stmcufinder\plugins\mcufinder
2025-01-05 19:43:21,358 [INFO] CrossReferenceDbSqlite:203 - Set database path to: C:\Users\DELL\.stmcufinder\plugins\mcufinder//mcu/cs/
2025-01-05 19:43:21,614 [INFO] MainPanel:264 - HeapMemory: 268435456
2025-01-05 19:43:21,819 [INFO] DbMcusXml:78 - Set database path to: C:\ST\STM32CubeIDE_1.15.1\STM32CubeIDE\plugins\com.st.stm32cube.common.mx_6.11.1.202404110753\\db\/mcu/
2025-01-05 19:43:21,819 [INFO] ApiDb:274 - Set plugin database path to: C:\ST\STM32CubeIDE_1.15.1\STM32CubeIDE\plugins\com.st.stm32cube.common.mx_6.11.1.202404110753\\db\/plugins/boardmanager/
2025-01-05 19:43:21,819 [INFO] ApiDb:261 - Set plugin images path to: C:\ST\STM32CubeIDE_1.15.1\STM32CubeIDE\plugins\com.st.stm32cube.common.mx_6.11.1.202404110753\\db\/plugins/mcufinder/images/
2025-01-05 19:43:21,820 [WARN] DbFile:41 - Overriding database path with different value: C:\Users\DELL\.stmcufinder\plugins\mcufinder/ => C:\Users\DELL\.stmcufinder\plugins\mcufinder
2025-01-05 19:43:21,820 [INFO] ApiDb:250 - Set database path to: C:\Users\DELL\.stmcufinder\plugins\mcufinder//mcu/
2025-01-05 19:43:21,820 [WARN] DbFile:41 - Overriding database path with different value: C:\Users\DELL\.stmcufinder\plugins\mcufinder/ => C:\Users\DELL\.stmcufinder\plugins\mcufinder
2025-01-05 19:43:21,821 [INFO] DbMcusAds:125 - Set database path to: C:\Users\DELL\.stmcufinder\plugins\mcufinder//mcu/
2025-01-05 19:43:21,821 [WARN] DbFile:41 - Overriding database path with different value: C:\Users\DELL\.stmcufinder\plugins\mcufinder/ => C:\Users\DELL\.stmcufinder\plugins\mcufinder
2025-01-05 19:43:21,821 [WARN] DbFile:41 - Overriding database path with different value: C:\Users\DELL\.stmcufinder\plugins\mcufinder/ => C:\Users\DELL\.stmcufinder\plugins\mcufinder
2025-01-05 19:43:21,826 [INFO] CrossReferenceDbSqlite:203 - Set database path to: C:\Users\DELL\.stmcufinder\plugins\mcufinder//mcu/cs/
2025-01-05 19:43:21,860 [INFO] ApplicationProperties:184 - Using Application install path: C:\ST\STM32CubeIDE_1.15.1\STM32CubeIDE\plugins\com.st.stm32cube.common.mx_6.11.1.202404110753
2025-01-05 19:43:21,864 [INFO] PluginManage:196 - Search for loadable plugins [exclusion list=, ]
2025-01-05 19:43:21,866 [INFO] PluginManage:310 - Check plugin analytics
2025-01-05 19:43:22,526 [INFO] AnalyticsPlugin:253 - Accepted Software Licenses: 
2025-01-05 19:43:22,528 [INFO] AnalyticsPlugin:255 - Accepted CMSIS Pack Licenses: 
2025-01-05 19:43:22,529 [INFO] AnalyticsPlugin:257 - Accepted Firmware Licenses: FW.F4.1.28.0
2025-01-05 19:43:22,542 [INFO] PluginManage:359 - Loaded plugin analytics (category:tool,tabindex:-1)
2025-01-05 19:43:22,544 [INFO] PluginManage:310 - Check plugin cadmodel
2025-01-05 19:43:22,669 [INFO] CADModel:105 - Init CAD model plugin
2025-01-05 19:43:22,669 [INFO] PluginManage:359 - Loaded plugin cadmodel (category:power,tabindex:5)
2025-01-05 19:43:22,669 [INFO] PluginManage:310 - Check plugin clock
2025-01-05 19:43:22,731 [INFO] PluginManage:359 - Loaded plugin clock (category:base,tabindex:2)
2025-01-05 19:43:22,731 [INFO] PluginManage:310 - Check plugin ddr
2025-01-05 19:43:22,736 [INFO] PluginManage:359 - Loaded plugin ddr (category:tool,tabindex:6)
2025-01-05 19:43:22,736 [INFO] PluginManage:310 - Check plugin filemanager
2025-01-05 19:43:23,282 [INFO] PluginManage:359 - Loaded plugin filemanager (category:base,tabindex:10)
2025-01-05 19:43:23,282 [INFO] PluginManage:310 - Check plugin ipmanager
2025-01-05 19:43:23,296 [INFO] PluginManage:359 - Loaded plugin ipmanager (category:base,tabindex:5)
2025-01-05 19:43:23,296 [INFO] PluginManage:310 - Check plugin lpbam
2025-01-05 19:43:23,365 [INFO] PluginManage:359 - Loaded plugin lpbam (category:base,tabindex:0)
2025-01-05 19:43:23,365 [INFO] PluginManage:310 - Check plugin memorymap
2025-01-05 19:43:23,471 [INFO] PluginManage:359 - Loaded plugin memorymap (category:base,tabindex:4)
2025-01-05 19:43:23,471 [INFO] PluginManage:310 - Check plugin pinoutandconfiguration
2025-01-05 19:43:23,561 [INFO] PluginManage:359 - Loaded plugin pinoutandconfiguration (category:base,tabindex:1)
2025-01-05 19:43:23,561 [INFO] PluginManage:310 - Check plugin pinoutconfig
2025-01-05 19:43:23,818 [WARN] SupportedApi:132 - Cannot load RTOS API schema: s4s-elt-must-match.1: The content of 'definitions' must match (annotation?, (simpleType | complexType)?, (unique | key | keyref)*)). A problem was found starting at: attribute.
2025-01-05 19:43:24,123 [INFO] PluginManage:359 - Loaded plugin pinoutconfig (category:base,tabindex:0)
2025-01-05 19:43:24,123 [INFO] PluginManage:310 - Check plugin power
2025-01-05 19:43:24,188 [INFO] PluginManage:359 - Loaded plugin power (category:power,tabindex:4)
2025-01-05 19:43:24,188 [INFO] PluginManage:310 - Check plugin projectmanager
2025-01-05 19:43:24,217 [INFO] PluginManage:359 - Loaded plugin projectmanager (category:projectmanager,tabindex:3)
2025-01-05 19:43:24,217 [INFO] PluginManage:310 - Check plugin thirdparty
2025-01-05 19:43:25,106 [INFO] PluginManage:359 - Loaded plugin thirdparty (category:base,tabindex:-1)
2025-01-05 19:43:25,106 [INFO] PluginManage:310 - Check plugin tools
2025-01-05 19:43:25,106 [WARN] IntegrityCheckThread:84 - waiting for thirdparty lock release [integrity check]
2025-01-05 19:43:25,106 [INFO] IntegrityCheckThread:86 - entering critical section [integrity check]
2025-01-05 19:43:25,106 [INFO] ThirdPartyUpdaterWithRetryManager:70 - Updater plugin not ready yet. [1/15]
2025-01-05 19:43:25,167 [INFO] PluginManage:359 - Loaded plugin tools (category:base,tabindex:7)
2025-01-05 19:43:25,167 [INFO] PluginManage:310 - Check plugin tutovideos
2025-01-05 19:43:25,564 [INFO] PluginManage:359 - Loaded plugin tutovideos (category:base,tabindex:-1)
2025-01-05 19:43:25,564 [INFO] PluginManage:310 - Check plugin updater
2025-01-05 19:43:25,596 [INFO] PluginManage:359 - Loaded plugin updater (category:base,tabindex:12)
2025-01-05 19:43:25,597 [INFO] PluginManage:310 - Check plugin userauth
2025-01-05 19:43:25,604 [INFO] UserAuth:114 - Init User Auth plugin
2025-01-05 19:43:25,604 [INFO] PluginManage:359 - Loaded plugin userauth (category:base,tabindex:14)
2025-01-05 19:43:25,605 [INFO] PluginManage:283 - PluginManage : Loaded plugins [17]
2025-01-05 19:43:26,148 [INFO] PinOutPanel:1561 - setPackage(No Configuration,No Configuration)
2025-01-05 19:43:26,366 [INFO] CADModel:165 - CPN selected for project level
2025-01-05 19:43:26,366 [INFO] CADModel:114 - Register for checkConnection events
2025-01-05 19:43:26,425 [INFO] IPUIPlugin:80 - create IPUIPlugin
2025-01-05 19:43:26,425 [INFO] PluginManager:220 - loadIPPluginJar : add adc
2025-01-05 19:43:26,502 [INFO] IPUIPlugin:80 - create IPUIPlugin
2025-01-05 19:43:26,502 [INFO] PluginManager:220 - loadIPPluginJar : add aes
2025-01-05 19:43:26,584 [INFO] IPUIPlugin:80 - create IPUIPlugin
2025-01-05 19:43:26,584 [INFO] PluginManager:220 - loadIPPluginJar : add can
2025-01-05 19:43:26,634 [INFO] IPUIPlugin:80 - create IPUIPlugin
2025-01-05 19:43:26,634 [INFO] PluginManager:220 - loadIPPluginJar : add comp
2025-01-05 19:43:26,690 [INFO] IPUIPlugin:80 - create IPUIPlugin
2025-01-05 19:43:26,691 [INFO] PluginManager:220 - loadIPPluginJar : add cryp
2025-01-05 19:43:26,753 [INFO] IPUIPlugin:80 - create IPUIPlugin
2025-01-05 19:43:26,753 [INFO] PluginManager:220 - loadIPPluginJar : add dfsdm
2025-01-05 19:43:26,802 [INFO] IPUIPlugin:80 - create IPUIPlugin
2025-01-05 19:43:26,803 [INFO] PluginManager:220 - loadIPPluginJar : add dma
2025-01-05 19:43:26,902 [INFO] IPUIPlugin:80 - create IPUIPlugin
2025-01-05 19:43:26,902 [INFO] PluginManager:220 - loadIPPluginJar : add dma3
2025-01-05 19:43:26,991 [INFO] IPUIPlugin:80 - create IPUIPlugin
2025-01-05 19:43:26,992 [INFO] PluginManager:220 - loadIPPluginJar : add extmemmanager
2025-01-05 19:43:27,032 [INFO] IPUIPlugin:80 - create IPUIPlugin
2025-01-05 19:43:27,032 [INFO] PluginManager:220 - loadIPPluginJar : add fatfs
2025-01-05 19:43:27,124 [INFO] IPUIPlugin:80 - create IPUIPlugin
2025-01-05 19:43:27,124 [INFO] PluginManager:220 - loadIPPluginJar : add fmc
2025-01-05 19:43:27,197 [INFO] IPUIPlugin:80 - create IPUIPlugin
2025-01-05 19:43:27,197 [INFO] PluginManager:220 - loadIPPluginJar : add freertos
2025-01-05 19:43:27,236 [INFO] IPUIPlugin:80 - create IPUIPlugin
2025-01-05 19:43:27,236 [INFO] PluginManager:220 - loadIPPluginJar : add genericplugin
2025-01-05 19:43:27,410 [INFO] IPUIPlugin:80 - create IPUIPlugin
2025-01-05 19:43:27,410 [INFO] PluginManager:220 - loadIPPluginJar : add gfxmmu
2025-01-05 19:43:27,698 [INFO] IPUIPlugin:80 - create IPUIPlugin
2025-01-05 19:43:27,698 [INFO] PluginManager:220 - loadIPPluginJar : add gic
2025-01-05 19:43:27,724 [INFO] IPUIPlugin:80 - create IPUIPlugin
2025-01-05 19:43:27,724 [INFO] PluginManager:220 - loadIPPluginJar : add gpio
2025-01-05 19:43:27,921 [INFO] IPUIPlugin:80 - create IPUIPlugin
2025-01-05 19:43:27,921 [INFO] PluginManager:220 - loadIPPluginJar : add gtzc
2025-01-05 19:43:27,985 [INFO] IPUIPlugin:80 - create IPUIPlugin
2025-01-05 19:43:27,985 [INFO] PluginManager:220 - loadIPPluginJar : add hash
2025-01-05 19:43:28,079 [INFO] IPUIPlugin:80 - create IPUIPlugin
2025-01-05 19:43:28,079 [INFO] PluginManager:220 - loadIPPluginJar : add i2c
2025-01-05 19:43:28,120 [INFO] ThirdPartyUpdaterWithRetryManager:70 - Updater plugin not ready yet. [2/15]
2025-01-05 19:43:28,150 [INFO] IPUIPlugin:80 - create IPUIPlugin
2025-01-05 19:43:28,151 [INFO] PluginManager:220 - loadIPPluginJar : add i2s
2025-01-05 19:43:28,286 [INFO] IPUIPlugin:80 - create IPUIPlugin
2025-01-05 19:43:28,286 [INFO] PluginManager:220 - loadIPPluginJar : add i3c
2025-01-05 19:43:28,498 [INFO] IPUIPlugin:80 - create IPUIPlugin
2025-01-05 19:43:28,499 [INFO] PluginManager:220 - loadIPPluginJar : add ipddr
2025-01-05 19:43:28,766 [INFO] IPUIPlugin:80 - create IPUIPlugin
2025-01-05 19:43:28,766 [INFO] PluginManager:220 - loadIPPluginJar : add linkedlist
2025-01-05 19:43:28,880 [INFO] IPUIPlugin:80 - create IPUIPlugin
2025-01-05 19:43:28,880 [INFO] PluginManager:220 - loadIPPluginJar : add lorawan
2025-01-05 19:43:28,997 [INFO] IPUIPlugin:80 - create IPUIPlugin
2025-01-05 19:43:28,998 [INFO] PluginManager:220 - loadIPPluginJar : add ltdc
2025-01-05 19:43:29,079 [INFO] IPUIPlugin:80 - create IPUIPlugin
2025-01-05 19:43:29,079 [INFO] PluginManager:220 - loadIPPluginJar : add mdma
2025-01-05 19:43:29,134 [INFO] IPUIPlugin:80 - create IPUIPlugin
2025-01-05 19:43:29,135 [INFO] PluginManager:220 - loadIPPluginJar : add nvic
2025-01-05 19:43:29,251 [INFO] IPUIPlugin:80 - create IPUIPlugin
2025-01-05 19:43:29,251 [INFO] PluginManager:220 - loadIPPluginJar : add opamp
2025-01-05 19:43:29,439 [INFO] IPUIPlugin:80 - create IPUIPlugin
2025-01-05 19:43:29,439 [INFO] PluginManager:220 - loadIPPluginJar : add openamp
2025-01-05 19:43:29,570 [INFO] IPUIPlugin:80 - create IPUIPlugin
2025-01-05 19:43:29,570 [INFO] PluginManager:220 - loadIPPluginJar : add pdm2pcm
2025-01-05 19:43:29,593 [INFO] IPUIPlugin:80 - create IPUIPlugin
2025-01-05 19:43:29,600 [INFO] PluginManager:220 - loadIPPluginJar : add plateformsettings
2025-01-05 19:43:29,650 [INFO] IPUIPlugin:80 - create IPUIPlugin
2025-01-05 19:43:29,650 [INFO] PluginManager:220 - loadIPPluginJar : add quadspi
2025-01-05 19:43:29,689 [INFO] IPUIPlugin:80 - create IPUIPlugin
2025-01-05 19:43:29,690 [INFO] PluginManager:220 - loadIPPluginJar : add resmgrutility
2025-01-05 19:43:29,785 [INFO] IPUIPlugin:80 - create IPUIPlugin
2025-01-05 19:43:29,785 [INFO] PluginManager:220 - loadIPPluginJar : add sai
2025-01-05 19:43:29,881 [INFO] IPUIPlugin:80 - create IPUIPlugin
2025-01-05 19:43:29,881 [INFO] PluginManager:220 - loadIPPluginJar : add spi
2025-01-05 19:43:30,032 [INFO] IPUIPlugin:80 - create IPUIPlugin
2025-01-05 19:43:30,032 [INFO] PluginManager:220 - loadIPPluginJar : add stm32_wpan
2025-01-05 19:43:30,095 [INFO] IPUIPlugin:80 - create IPUIPlugin
2025-01-05 19:43:30,096 [INFO] PluginManager:220 - loadIPPluginJar : add tim
2025-01-05 19:43:30,272 [INFO] IPUIPlugin:80 - create IPUIPlugin
2025-01-05 19:43:30,272 [INFO] PluginManager:220 - loadIPPluginJar : add touchsensing
2025-01-05 19:43:30,310 [INFO] IPUIPlugin:80 - create IPUIPlugin
2025-01-05 19:43:30,311 [INFO] PluginManager:220 - loadIPPluginJar : add tracer_emb
2025-01-05 19:43:30,368 [INFO] IPUIPlugin:80 - create IPUIPlugin
2025-01-05 19:43:30,368 [INFO] PluginManager:220 - loadIPPluginJar : add ts
2025-01-05 19:43:30,444 [INFO] IPUIPlugin:80 - create IPUIPlugin
2025-01-05 19:43:30,444 [INFO] PluginManager:220 - loadIPPluginJar : add tsc
2025-01-05 19:43:30,483 [INFO] IPUIPlugin:80 - create IPUIPlugin
2025-01-05 19:43:30,483 [INFO] PluginManager:220 - loadIPPluginJar : add ucpd
2025-01-05 19:43:30,607 [INFO] IPUIPlugin:80 - create IPUIPlugin
2025-01-05 19:43:30,607 [INFO] PluginManager:220 - loadIPPluginJar : add usart
2025-01-05 19:43:30,722 [INFO] IPUIPlugin:80 - create IPUIPlugin
2025-01-05 19:43:30,722 [INFO] PluginManager:220 - loadIPPluginJar : add usbx
2025-01-05 19:43:30,941 [INFO] CADModel:165 - CPN selected for project level
2025-01-05 19:43:30,941 [INFO] CADModel:114 - Register for checkConnection events
2025-01-05 19:43:30,941 [FATAL] Updater:308 - Updater called before beeing initialized
2025-01-05 19:43:30,941 [ERROR] CADModel:125 - Updater not yet initialized, retry later 
2025-01-05 19:43:31,125 [INFO] ThirdPartyUpdaterWithRetryManager:70 - Updater plugin not ready yet. [3/15]
2025-01-05 19:43:31,318 [INFO] CADModel:165 - CPN selected for project level
2025-01-05 19:43:31,318 [INFO] CADModel:114 - Register for checkConnection events
2025-01-05 19:43:31,318 [FATAL] Updater:308 - Updater called before beeing initialized
2025-01-05 19:43:31,318 [ERROR] CADModel:125 - Updater not yet initialized, retry later 
2025-01-05 19:43:31,323 [FATAL] Updater:308 - Updater called before beeing initialized
2025-01-05 19:43:31,659 [FATAL] Updater:308 - Updater called before beeing initialized
2025-01-05 19:43:31,677 [INFO] DbMcusAds:53 - JSON generation date=Tue Dec 17 21:31:15 IST 2024 (1734451275222)
2025-01-05 19:43:31,677 [FATAL] Updater:308 - Updater called before beeing initialized
2025-01-05 19:43:31,785 [WARN] DetailPanel:346 - Failed to get advertising image, set to default
2025-01-05 19:43:32,032 [FATAL] Updater:308 - Updater called before beeing initialized
2025-01-05 19:43:32,051 [FATAL] Updater:308 - Updater called before beeing initialized
2025-01-05 19:43:32,051 [FATAL] Updater:308 - Updater called before beeing initialized
2025-01-05 19:43:32,052 [WARN] DetailPanel:346 - Failed to get advertising image, set to default
2025-01-05 19:43:32,053 [FATAL] Updater:308 - Updater called before beeing initialized
2025-01-05 19:43:32,779 [ERROR] Updater:1120 - MainUpdater not yet initialized. External WinMGr cannot be set.
2025-01-05 19:43:32,798 [INFO] Updater:1056 - Updater Version found : 6.11.1
2025-01-05 19:43:32,831 [INFO] ApplicationProperties:184 - Using Application install path: C:\ST\STM32CubeIDE_1.15.1\STM32CubeIDE\plugins\com.st.stm32cube.common.mx_6.11.1.202404110753
2025-01-05 19:43:34,133 [FATAL] Updater:308 - Updater called before beeing initialized
2025-01-05 19:43:34,134 [ERROR] IntegrityCheckThread:130 - Cannot retrieve database content from updater: error 21
2025-01-05 19:43:34,135 [INFO] ThirdParty:978 - Integrity check success = false
2025-01-05 19:43:34,135 [INFO] IntegrityCheckThread:100 - exiting critical section [integrity check]
2025-01-05 19:43:34,135 [INFO] IntegrityCheckThread:103 - End integrity checks thread
2025-01-05 19:43:34,468 [ERROR] LogOutputStream:75 - [STDERR_REDIRECT] Jan 05, 2025 7:43:34 PM java.util.prefs.WindowsPreferences <init>
2025-01-05 19:43:34,470 [ERROR] LogOutputStream:75 - [STDERR_REDIRECT] WARNING: Could not open/create prefs root node Software\JavaSoft\Prefs at root 0xffffffff80000002. Windows RegCreateKeyEx(...) returned error code 5.
2025-01-05 19:43:34,470 [ERROR] LogOutputStream:75 - [STDERR_REDIRECT] 
2025-01-05 19:43:35,353 [INFO] MainUpdater:2873 - connection check result : 10
2025-01-05 19:43:35,354 [INFO] MainUpdater:290 - Updater Check For Update Now.
2025-01-05 19:43:35,354 [INFO] MicroXplorer:498 - Change Database Version : DB.6.0.111
2025-01-05 19:43:35,405 [INFO] McuFinderGlobals:63 - Set McuFinder mode to 2 (CubeIDE integrated)
2025-01-05 19:43:35,446 [INFO] UserAuth:415 - Internet connection configuration mode: 1
2025-01-05 19:43:35,515 [INFO] JxBrowserEngine:152 - Initiate JxBrowser Engine with user profile folder
2025-01-05 19:43:35,853 [INFO] CheckServerUpdateThread:120 - End of CheckServer Thread
2025-01-05 19:43:51,364 [INFO] WebApp:161 - Instantiating new browser for Auth
2025-01-05 19:43:53,219 [INFO] WebApp:779 - Register for checkConnection events
2025-01-05 19:43:53,219 [INFO] WebApp:414 - Apply proxy settings
2025-01-05 19:43:53,219 [INFO] WebApp:499 - Chromium requires no authentication
2025-01-05 19:43:53,233 [INFO] WebApp:442 - Direct internet connection detected
2025-01-05 19:43:53,564 [INFO] WebApp:192 - Starting web application
2025-01-05 19:43:53,564 [INFO] WebApp:544 - Web application path used C:\ST\STM32CubeIDE_1.15.1\STM32CubeIDE\plugins\com.st.stm32cube.common.mx_6.11.1.202404110753\db\plugins\mcufinder\reactClient1\index.html
2025-01-05 19:50:22,840 [ERROR] LogOutputStream:75 - [STDERR_REDIRECT] 
2025-01-05 19:50:22,845 [ERROR] LogOutputStream:75 - [STDERR_REDIRECT] 
